This is pdfTeX, Version 3.14159265-2.6-1.40.18 (MiKTeX 2.9.6600 64-bit) (preloaded format=pdflatex 2018.2.27)  22 MAY 2018 09:01
entering extended mode
**./DP_Slama_Michal_2018.tex
(DP_Slama_Michal_2018.tex
LaTeX2e <2017-04-15>
Babel <3.17> and hyphenation patterns for 75 language(s) loaded.
(FITthesis.cls
Document Class: FITthesis 2013/05/06 CTU FIT standard class for theses
("C:\Users\qhxq9u\AppData\Local\Programs\MiKTeX 2.9\tex\latex\memoir\memoir.cls
"
Document Class: memoir 2016/05/16 v3.7f configurable book, report, article docu
ment class
\onelineskip=\skip41
\lxvchars=\skip42
\xlvchars=\skip43
\@memcnta=\count79
\c@@memmarkcntra=\count80

("C:\Users\qhxq9u\AppData\Local\Programs\MiKTeX 2.9\tex\generic\oberdiek\ifpdf.
sty"
Package: ifpdf 2017/03/15 v3.2 Provides the ifpdf switch
)
("C:\Users\qhxq9u\AppData\Local\Programs\MiKTeX 2.9\tex\latex\ifetex\ifetex.sty
"
Package: ifetex 2011/12/15 v1.2 ifetex

("C:\Users\qhxq9u\AppData\Local\Programs\MiKTeX 2.9\tex\plain\ifetex\ifetex.tex
"))
("C:\Users\qhxq9u\AppData\Local\Programs\MiKTeX 2.9\tex\generic\ifxetex\ifxetex
.sty"
Package: ifxetex 2010/09/12 v0.6 Provides ifxetex conditional
)
("C:\Users\qhxq9u\AppData\Local\Programs\MiKTeX 2.9\tex\generic\oberdiek\ifluat
ex.sty"
Package: ifluatex 2016/05/16 v1.4 Provides the ifluatex switch (HO)
Package ifluatex Info: LuaTeX not detected.
)
\stockheight=\skip44
\stockwidth=\skip45
\trimtop=\skip46
\trimedge=\skip47

("C:\Users\qhxq9u\AppData\Local\Programs\MiKTeX 2.9\tex\latex\memoir\mem11.clo"
File: mem11.clo 2008/01/30 v0.3 memoir class 11pt size option
)
\binding=\skip48
\spinemargin=\skip49
\foremargin=\skip50
\uppermargin=\skip51
\lowermargin=\skip52
\headdrop=\skip53
\normalrulethickness=\skip54
\mem@maxheadheight=\skip55
\mem@maxfootheight=\skip56
\headwidth=\skip57
\c@storedpagenumber=\count81
\memPD=\dimen102
\m@mabparskip=\skip58
\thanksmarkwidth=\skip59
\thanksmarksep=\skip60
\droptitle=\skip61
\c@book=\count82
\c@part=\count83
\c@chapter=\count84
\c@section=\count85
\c@subsection=\count86
\c@subsubsection=\count87
\c@paragraph=\count88
\c@subparagraph=\count89
\beforechapskip=\skip62
\midchapskip=\skip63
\afterchapskip=\skip64
\chapindent=\skip65
\bottomsectionskip=\skip66
\secindent=\skip67
\beforesecskip=\skip68
\aftersecskip=\skip69
\subsecindent=\skip70
\beforesubsecskip=\skip71
\aftersubsecskip=\skip72
\subsubsecindent=\skip73
\beforesubsubsecskip=\skip74
\aftersubsubsecskip=\skip75
\paraindent=\skip76
\beforeparaskip=\skip77
\afterparaskip=\skip78
\subparaindent=\skip79
\beforesubparaskip=\skip80
\aftersubparaskip=\skip81
\pfbreakskip=\skip82
\c@@ppsavesec=\count90
\c@@ppsaveapp=\count91
\ragrparindent=\dimen103
\everylistparindent=\dimen104
\parsepi=\skip83
\topsepi=\skip84
\itemsepi=\skip85
\parsepii=\skip86
\topsepii=\skip87
\topsepiii=\skip88
\itemsepii=\skip89
\itemsepiii=\skip90
\partopsepii=\skip91
\partopsepiii=\skip92
\m@msavetopsep=\skip93
\m@msavepartopsep=\skip94
\@enLab=\toks14
\abstitleskip=\skip95
\absleftindent=\skip96
\abs@leftindent=\dimen105
\absrightindent=\skip97
\absparindent=\skip98
\absparsep=\skip99
\c@vslineno=\count92
\c@poemline=\count93
\c@modulo@vs=\count94
\c@memfvsline=\count95
\vleftskip=\skip100
\vrightskip=\skip101
\stanzaskip=\skip102
\versewidth=\skip103
\vgap=\skip104
\vindent=\skip105
\vleftmargin=\dimen106
\c@verse=\count96
\c@chrsinstr=\count97
\beforepoemtitleskip=\skip106
\afterpoemtitleskip=\skip107
\c@poem=\count98
\beforePoemTitleskip=\skip108
\midPoemTitleskip=\skip109
\afterPoemTitleskip=\skip110
\col@sep=\dimen107
\extrarowheight=\dimen108
\NC@list=\toks15
\extratabsurround=\skip111
\backup@length=\skip112
\TX@col@width=\dimen109
\TX@old@table=\dimen110
\TX@old@col=\dimen111
\TX@target=\dimen112
\TX@delta=\dimen113
\TX@cols=\count99
\TX@ftn=\toks16
\heavyrulewidth=\dimen114
\lightrulewidth=\dimen115
\cmidrulewidth=\dimen116
\belowrulesep=\dimen117
\belowbottomsep=\dimen118
\aboverulesep=\dimen119
\abovetopsep=\dimen120
\cmidrulesep=\dimen121
\cmidrulekern=\dimen122
\defaultaddspace=\dimen123
\@cmidla=\count100
\@cmidlb=\count101
\@aboverulesep=\dimen124
\@belowrulesep=\dimen125
\@thisruleclass=\count102
\@lastruleclass=\count103
\@thisrulewidth=\dimen126
\ctableftskip=\skip113
\ctabrightskip=\skip114
\abovecolumnspenalty=\count104
\@linestogo=\count105
\@cellstogo=\count106
\@cellsincolumn=\count107
\crtok=\toks17
\@mincolumnwidth=\dimen127
\c@newflo@tctr=\count108
\mem@margin@floatbox=\box26
\@contcwidth=\skip115
\@contindw=\skip116
\abovecaptionskip=\skip117
\belowcaptionskip=\skip118
\subfloattopskip=\skip119
\subfloatcapskip=\skip120
\subfloatcaptopadj=\skip121
\subfloatbottomskip=\skip122
\subfloatlabelskip=\skip123
\subfloatcapmargin=\dimen128
\c@@contsubnum=\count109
\m@mscap@capbox=\box27
\m@mscap@fbox=\box28
\sidecapsep=\dimen129
\sidecapwidth=\dimen130
\m@m@tempdima=\dimen131
\m@mscapraise=\dimen132
\sidecapraise=\dimen133
\m@mscapmainwidth=\dimen134
\m@mscaplkern=\dimen135
\beforeepigraphskip=\skip124
\afterepigraphskip=\skip125
\epigraphwidth=\skip126
\epigraphrule=\skip127
LaTeX Info: Redefining \em on input line 7551.
LaTeX Info: Redefining \emph on input line 7559.
\tocentryskip=\skip128
\tocbaseline=\skip129
\cftparskip=\skip130
\cftbeforebookskip=\skip131
\cftbookindent=\dimen136
\cftbooknumwidth=\dimen137
\cftbeforepartskip=\skip132
\cftpartindent=\skip133
\cftpartnumwidth=\skip134
\cftbeforechapterskip=\skip135
\cftchapterindent=\skip136
\cftchapternumwidth=\skip137
\cftbeforesectionskip=\skip138
\cftsectionindent=\skip139
\cftsectionnumwidth=\skip140
\cftbeforesubsectionskip=\skip141
\cftsubsectionindent=\skip142
\cftsubsectionnumwidth=\skip143
\cftbeforesubsubsectionskip=\skip144
\cftsubsubsectionindent=\skip145
\cftsubsubsectionnumwidth=\skip146
\cftbeforeparagraphskip=\skip147
\cftparagraphindent=\skip148
\cftparagraphnumwidth=\skip149
\cftbeforesubparagraphskip=\skip150
\cftsubparagraphindent=\skip151
\cftsubparagraphnumwidth=\skip152
\prechapterprecisshift=\dimen138
\c@maxsecnumdepth=\count110
\bibindent=\dimen139
\bibitemsep=\skip153
\indexcolsep=\skip154
\indexrule=\skip155
\indexmarkstyle=\toks18
\@indexbox=\insert199
\glossarycolsep=\dimen140
\glossaryrule=\dimen141
\sideparvshift=\skip156
\sideins=\insert198
\sidebartopsep=\skip157
\sidebarhsep=\skip158
\sidebarvsep=\skip159
\sidebarwidth=\skip160
\footmarkwidth=\skip161
\footmarksep=\skip162
\footparindent=\skip163
\footinsdim=\skip164
\footinsv@r=\insert197
\@mpfootinsv@r=\insert196
\m@m@k=\count111
\m@m@h=\dimen142
\m@mipn@skip=\skip165
\sidefootins=\insert195
\sidefootadjust=\skip166
\sidefootheight=\skip167
\sidefoothsep=\skip168
\sidefootvsep=\skip169
\sidefootwidth=\skip170
\m@mdownsf=\skip171
\c@sidefootnote=\count112
\sidefootmarkwidth=\skip172
\sidefootmarksep=\skip173
\sidefootparindent=\skip174
\c@pagenote=\count113
\c@pagenoteshadow=\count114
\mem@pn@lastkern=\skip175
\every@verbatim=\toks19
\afterevery@verbatim=\toks20
\verbatim@line=\toks21
\tab@position=\count115
\verbatim@in@stream=\read1
\verbatimindent=\skip176
\verbatim@out=\write3
\bvboxsep=\skip177
\c@memfbvline=\count116
\c@bvlinectr=\count117
\bvnumlength=\skip178
\fb@frw=\dimen143
\fb@frh=\dimen144
\FrameRule=\dimen145
\FrameSep=\dimen146
\c@cp@cntr=\count118
LaTeX Info: Redefining \: on input line 12068.
LaTeX Info: Redefining \! on input line 12070.
\c@ism@mctr=\count119
\c@xsm@mctr=\count120
\c@csm@mctr=\count121
\c@ksm@mctr=\count122
\c@xksm@mctr=\count123
\c@cksm@mctr=\count124
\c@msm@mctr=\count125
\c@xmsm@mctr=\count126
\c@cmsm@mctr=\count127
\c@bsm@mctr=\count128
\c@workm@mctr=\count129
\c@sheetsequence=\count130
\c@lastsheet=\count131
\c@lastpage=\count132
\c@figure=\count133
\c@lofdepth=\count134
\cftbeforefigureskip=\skip179
\cftfigureindent=\skip180
\cftfigurenumwidth=\skip181
\c@table=\count135
\c@lotdepth=\count136
\cftbeforetableskip=\skip182
\cfttableindent=\skip183
\cfttablenumwidth=\skip184
Package abstract [2008/07/23] emulated by memoir.
Package appendix [2008/07/23] emulated by memoir.
Package array [2008/09/09] emulated by memoir.
Package booktabs [2016/05/16] emulated by memoir.
Package ccaption [2008/07/23] emulated by memoir.
Package changepage [2008/07/23] emulated by memoir.
Package chngcntr [2008/07/23] emulated by memoir.
Package chngpage [2008/07/23] emulated by memoir.
Package crop emulated by memoir.
Package dcolumn [2008/07/23] emulated by memoir.
Package delarray [2008/07/23] emulated by memoir.
Package enumerate [2008/07/23] emulated by memoir.
Package epigraph [2008/07/23] emulated by memoir.
Package ifmtarg [2008/07/23] emulated by memoir.
Package index [2008/07/23] emulated by memoir.
Package makeidx [2008/07/23] emulated by memoir.
Package moreverb [2008/07/23] emulated by memoir.
Package mparhack [2008/07/23] emulated by memoir.
Package needspace [2008/07/23] emulated by memoir.
Package newfile [2008/07/23] emulated by memoir.
Package nextpage [2008/07/23] emulated by memoir.
Package pagenote [2008/07/23] emulated by memoir.
Package parskip [2008/07/23] emulated by memoir.
Package patchcmd [2008/07/23] emulated by memoir.
Package setspace [2008/07/23] emulated by memoir.
Package shortvrb [2008/07/23] emulated by memoir.
Package showidx [2008/07/23] emulated by memoir.
Package tabularx [2008/07/23] emulated by memoir.
Package titleref [2008/07/23] emulated by memoir.
Package titling [2008/07/23] emulated by memoir.
Package tocbibind [2008/07/23] emulated by memoir.
Package tocloft [2008/07/23] emulated by memoir.
Package tocvsec2 [2008/07/23] emulated by memoir.
Package verbatim [2008/07/23] emulated by memoir.
Package verse [2008/07/23] emulated by memoir.

("C:\Users\qhxq9u\AppData\Local\Programs\MiKTeX 2.9\tex\latex\memoir\mempatch.s
ty"
Package: mempatch 2009/07/24 v6.0f Patches for memoir class v1.6180339
))
("C:\Users\qhxq9u\AppData\Local\Programs\MiKTeX 2.9\tex\generic\babel\babel.sty
"
Package: babel 2018/01/24 3.17 The Babel package

("C:\Users\qhxq9u\AppData\Local\Programs\MiKTeX 2.9\tex\generic\babel\switch.de
f"
File: switch.def 2018/01/24 3.17 Babel switching mechanism
)
*************************************
* Local config file bblopts.cfg used
*
("C:\Users\qhxq9u\AppData\Local\Programs\MiKTeX 2.9\tex\latex\arabi\bblopts.cfg
"
File: bblopts.cfg 2005/09/08 v0.1 add Arabic and Farsi to "declared" options of
 babel
)
("C:\Users\qhxq9u\AppData\Local\Programs\MiKTeX 2.9\tex\latex\babel-english\eng
lish.ldf"
Language: english 2017/06/06 v3.3r English support from the babel system

("C:\Users\qhxq9u\AppData\Local\Programs\MiKTeX 2.9\tex\generic\babel\babel.def
"
File: babel.def 2018/01/24 3.17 Babel common definitions

("C:\Users\qhxq9u\AppData\Local\Programs\MiKTeX 2.9\tex\generic\babel\switch.de
f"
File: switch.def 2018/01/24 3.17 Babel switching mechanism
)
\babel@savecnt=\count137
\U@D=\dimen147

("C:\Users\qhxq9u\AppData\Local\Programs\MiKTeX 2.9\tex\generic\babel\txtbabel.
def")
\bbl@dirlevel=\count138
)
\l@canadian = a dialect from \language\l@american 
\l@australian = a dialect from \language\l@british 
\l@newzealand = a dialect from \language\l@british 
))
("C:\Users\qhxq9u\AppData\Local\Programs\MiKTeX 2.9\tex\latex\hyperref\hyperref
.sty"
Package: hyperref 2018/02/06 v6.86b Hypertext links for LaTeX

("C:\Users\qhxq9u\AppData\Local\Programs\MiKTeX 2.9\tex\generic\oberdiek\hobsub
-hyperref.sty"
Package: hobsub-hyperref 2016/05/16 v1.14 Bundle oberdiek, subset hyperref (HO)


("C:\Users\qhxq9u\AppData\Local\Programs\MiKTeX 2.9\tex\generic\oberdiek\hobsub
-generic.sty"
Package: hobsub-generic 2016/05/16 v1.14 Bundle oberdiek, subset generic (HO)
Package: hobsub 2016/05/16 v1.14 Construct package bundles (HO)
Package: infwarerr 2016/05/16 v1.4 Providing info/warning/error messages (HO)
Package: ltxcmds 2016/05/16 v1.23 LaTeX kernel commands for general use (HO)
Package hobsub Info: Skipping package `ifluatex' (already loaded).
Package: ifvtex 2016/05/16 v1.6 Detect VTeX and its facilities (HO)
Package ifvtex Info: VTeX not detected.
Package: intcalc 2016/05/16 v1.2 Expandable calculations with integers (HO)
Package hobsub Info: Skipping package `ifpdf' (already loaded).
Package: etexcmds 2016/05/16 v1.6 Avoid name clashes with e-TeX commands (HO)
Package etexcmds Info: Could not find \expanded.
(etexcmds)             That can mean that you are not using pdfTeX 1.50 or
(etexcmds)             that some package has redefined \expanded.
(etexcmds)             In the latter case, load this package earlier.
Package: kvsetkeys 2016/05/16 v1.17 Key value parser (HO)
Package: kvdefinekeys 2016/05/16 v1.4 Define keys (HO)
Package: pdftexcmds 2018/01/21 v0.26 Utility functions of pdfTeX for LuaTeX (HO
)
Package pdftexcmds Info: LuaTeX not detected.
Package pdftexcmds Info: \pdf@primitive is available.
Package pdftexcmds Info: \pdf@ifprimitive is available.
Package pdftexcmds Info: \pdfdraftmode found.
Package: pdfescape 2016/05/16 v1.14 Implements pdfTeX's escape features (HO)
Package: bigintcalc 2016/05/16 v1.4 Expandable calculations on big integers (HO
)
Package: bitset 2016/05/16 v1.2 Handle bit-vector datatype (HO)
Package: uniquecounter 2016/05/16 v1.3 Provide unlimited unique counter (HO)
)
Package hobsub Info: Skipping package `hobsub' (already loaded).
Package: letltxmacro 2016/05/16 v1.5 Let assignment for LaTeX macros (HO)
Package: hopatch 2016/05/16 v1.3 Wrapper for package hooks (HO)
Package: xcolor-patch 2016/05/16 xcolor patch
Package: atveryend 2016/05/16 v1.9 Hooks at the very end of document (HO)
Package atveryend Info: \enddocument detected (standard20110627).
Package: atbegshi 2016/06/09 v1.18 At begin shipout hook (HO)
Package: refcount 2016/05/16 v3.5 Data extraction from label references (HO)
Package: hycolor 2016/05/16 v1.8 Color options for hyperref/bookmark (HO)
)
("C:\Users\qhxq9u\AppData\Local\Programs\MiKTeX 2.9\tex\latex\graphics\keyval.s
ty"
Package: keyval 2014/10/28 v1.15 key=value parser (DPC)
\KV@toks@=\toks22
)
("C:\Users\qhxq9u\AppData\Local\Programs\MiKTeX 2.9\tex\latex\oberdiek\auxhook.
sty"
Package: auxhook 2016/05/16 v1.4 Hooks for auxiliary files (HO)
)
("C:\Users\qhxq9u\AppData\Local\Programs\MiKTeX 2.9\tex\latex\oberdiek\kvoption
s.sty"
Package: kvoptions 2016/05/16 v3.12 Key value format for package options (HO)
)
\@linkdim=\dimen148
\Hy@linkcounter=\count139
\Hy@pagecounter=\count140

("C:\Users\qhxq9u\AppData\Local\Programs\MiKTeX 2.9\tex\latex\hyperref\pd1enc.d
ef"
File: pd1enc.def 2018/02/06 v6.86b Hyperref: PDFDocEncoding definition (HO)
)
\Hy@SavedSpaceFactor=\count141

("C:\Users\qhxq9u\AppData\Local\Programs\MiKTeX 2.9\tex\latex\00miktex\hyperref
.cfg"
File: hyperref.cfg 2002/06/06 v1.2 hyperref configuration of TeXLive
)
Package hyperref Info: Option `unicode' set `true' on input line 4383.

("C:\Users\qhxq9u\AppData\Local\Programs\MiKTeX 2.9\tex\latex\hyperref\puenc.de
f"
File: puenc.def 2018/02/06 v6.86b Hyperref: PDF Unicode definition (HO)
)
Package hyperref Info: Option `pdfusetitle' set `true' on input line 4383.
Package hyperref Info: Hyper figures OFF on input line 4509.
Package hyperref Info: Link nesting OFF on input line 4514.
Package hyperref Info: Hyper index ON on input line 4517.
Package hyperref Info: Plain pages OFF on input line 4524.
Package hyperref Info: Backreferencing OFF on input line 4529.
Package hyperref Info: Implicit mode ON; LaTeX internals redefined.
Package hyperref Info: Bookmarks ON on input line 4762.
\c@Hy@tempcnt=\count142
 ("C:\Users\qhxq9u\AppData\Local\Programs\MiKTeX 2.9\tex\latex\url\url.sty"
\Urlmuskip=\muskip10
Package: url 2013/09/16  ver 3.4  Verb mode for urls, etc.
)
LaTeX Info: Redefining \url on input line 5115.
\XeTeXLinkMargin=\dimen149
\Fld@menulength=\count143
\Field@Width=\dimen150
\Fld@charsize=\dimen151
Package hyperref Info: Hyper figures OFF on input line 6369.
Package hyperref Info: Link nesting OFF on input line 6374.
Package hyperref Info: Hyper index ON on input line 6377.
Package hyperref Info: backreferencing OFF on input line 6384.
Package hyperref Info: Link coloring OFF on input line 6389.
Package hyperref Info: Link coloring with OCG OFF on input line 6394.
Package hyperref Info: PDF/A mode OFF on input line 6399.
LaTeX Info: Redefining \ref on input line 6439.
LaTeX Info: Redefining \pageref on input line 6443.
\Hy@abspage=\count144
\c@Item=\count145
\c@Hfootnote=\count146
)
("C:\Users\qhxq9u\AppData\Local\Programs\MiKTeX 2.9\tex\latex\memoir\memhfixc.s
ty"
Package: memhfixc 2013/05/30 v1.17 nameref/hyperref package fixes for memoir cl
ass
\c@memhycontfloat=\count147
\c@Hpagenote=\count148
)
Package hyperref Info: Driver (autodetected): hpdftex.

("C:\Users\qhxq9u\AppData\Local\Programs\MiKTeX 2.9\tex\latex\hyperref\hpdftex.
def"
File: hpdftex.def 2018/02/06 v6.86b Hyperref driver for pdfTeX
\Fld@listcount=\count149
\c@bookmark@seq@number=\count150

("C:\Users\qhxq9u\AppData\Local\Programs\MiKTeX 2.9\tex\latex\oberdiek\rerunfil
echeck.sty"
Package: rerunfilecheck 2016/05/16 v1.8 Rerun checks for auxiliary files (HO)
Package uniquecounter Info: New unique counter `rerunfilecheck' on input line 2
82.
)
\Hy@SectionHShift=\skip185
)
("C:\Users\qhxq9u\AppData\Local\Programs\MiKTeX 2.9\tex\latex\lm\lmodern.sty"
Package: lmodern 2009/10/30 v1.6 Latin Modern Fonts
LaTeX Font Info:    Overwriting symbol font `operators' in version `normal'
(Font)                  OT1/cmr/m/n --> OT1/lmr/m/n on input line 22.
LaTeX Font Info:    Overwriting symbol font `letters' in version `normal'
(Font)                  OML/cmm/m/it --> OML/lmm/m/it on input line 23.
LaTeX Font Info:    Overwriting symbol font `symbols' in version `normal'
(Font)                  OMS/cmsy/m/n --> OMS/lmsy/m/n on input line 24.
LaTeX Font Info:    Overwriting symbol font `largesymbols' in version `normal'
(Font)                  OMX/cmex/m/n --> OMX/lmex/m/n on input line 25.
LaTeX Font Info:    Overwriting symbol font `operators' in version `bold'
(Font)                  OT1/cmr/bx/n --> OT1/lmr/bx/n on input line 26.
LaTeX Font Info:    Overwriting symbol font `letters' in version `bold'
(Font)                  OML/cmm/b/it --> OML/lmm/b/it on input line 27.
LaTeX Font Info:    Overwriting symbol font `symbols' in version `bold'
(Font)                  OMS/cmsy/b/n --> OMS/lmsy/b/n on input line 28.
LaTeX Font Info:    Overwriting symbol font `largesymbols' in version `bold'
(Font)                  OMX/cmex/m/n --> OMX/lmex/m/n on input line 29.
LaTeX Font Info:    Overwriting math alphabet `\mathbf' in version `normal'
(Font)                  OT1/cmr/bx/n --> OT1/lmr/bx/n on input line 31.
LaTeX Font Info:    Overwriting math alphabet `\mathsf' in version `normal'
(Font)                  OT1/cmss/m/n --> OT1/lmss/m/n on input line 32.
LaTeX Font Info:    Overwriting math alphabet `\mathit' in version `normal'
(Font)                  OT1/cmr/m/it --> OT1/lmr/m/it on input line 33.
LaTeX Font Info:    Overwriting math alphabet `\mathtt' in version `normal'
(Font)                  OT1/cmtt/m/n --> OT1/lmtt/m/n on input line 34.
LaTeX Font Info:    Overwriting math alphabet `\mathbf' in version `bold'
(Font)                  OT1/cmr/bx/n --> OT1/lmr/bx/n on input line 35.
LaTeX Font Info:    Overwriting math alphabet `\mathsf' in version `bold'
(Font)                  OT1/cmss/bx/n --> OT1/lmss/bx/n on input line 36.
LaTeX Font Info:    Overwriting math alphabet `\mathit' in version `bold'
(Font)                  OT1/cmr/bx/it --> OT1/lmr/bx/it on input line 37.
LaTeX Font Info:    Overwriting math alphabet `\mathtt' in version `bold'
(Font)                  OT1/cmtt/m/n --> OT1/lmtt/m/n on input line 38.
)

******************************************************
Stock height and width: 845.04684pt by 597.50787pt
Top and edge trims: 0pt and 0pt
Page height and width: 845.04684pt by 597.50787pt
Text height and width: 595.80026pt by 369pt
Spine and edge margins: 113.81102pt and 114.69685pt
Upper and lower margins: 126.74379pt and 122.50279pt
Headheight and headsep: 13.6pt and 19.8738pt
Footskip: 27.46295pt
Columnsep and columnseprule: 10pt and 0pt
Marginparsep and marginparwidth: 7pt and 100.69685pt
Sidecapsep and sidecapwidth: 7pt and 101pt
Sidebarhsep and sidebarwidth: 7pt and 101pt
Sidebarvsep and sidebartopsep: 13.6pt and 0pt
Sidebarheight: 594.32022pt
Sidefoothsep and sidefootwidth: 7pt and 101pt
Sidefootvsep and sidefootheight: 13.6pt and 594.32022pt
******************************************************


("C:\Users\qhxq9u\AppData\Local\Programs\MiKTeX 2.9\tex\latex\etoolbox\etoolbox
.sty"
Package: etoolbox 2018/02/11 v2.5e e-TeX tools for LaTeX (JAW)
\etb@tempcnta=\count151
))
("C:\Users\qhxq9u\AppData\Local\Programs\MiKTeX 2.9\tex\latex\base\inputenc.sty
"
Package: inputenc 2015/03/17 v1.2c Input encoding file
\inpenc@prehook=\toks23
\inpenc@posthook=\toks24
 ("C:\Users\qhxq9u\AppData\Local\Programs\MiKTeX 2.9\tex\latex\base\utf8.def"
File: utf8.def 2017/01/28 v1.1t UTF-8 support for inputenc
Now handling font encoding OML ...
... no UTF-8 mapping file for font encoding OML
Now handling font encoding T1 ...
... processing UTF-8 mapping file for font encoding T1

("C:\Users\qhxq9u\AppData\Local\Programs\MiKTeX 2.9\tex\latex\base\t1enc.dfu"
File: t1enc.dfu 2017/01/28 v1.1t UTF-8 support for inputenc
   defining Unicode char U+00A0 (decimal 160)
   defining Unicode char U+00A1 (decimal 161)
   defining Unicode char U+00A3 (decimal 163)
   defining Unicode char U+00AB (decimal 171)
   defining Unicode char U+00AD (decimal 173)
   defining Unicode char U+00BB (decimal 187)
   defining Unicode char U+00BF (decimal 191)
   defining Unicode char U+00C0 (decimal 192)
   defining Unicode char U+00C1 (decimal 193)
   defining Unicode char U+00C2 (decimal 194)
   defining Unicode char U+00C3 (decimal 195)
   defining Unicode char U+00C4 (decimal 196)
   defining Unicode char U+00C5 (decimal 197)
   defining Unicode char U+00C6 (decimal 198)
   defining Unicode char U+00C7 (decimal 199)
   defining Unicode char U+00C8 (decimal 200)
   defining Unicode char U+00C9 (decimal 201)
   defining Unicode char U+00CA (decimal 202)
   defining Unicode char U+00CB (decimal 203)
   defining Unicode char U+00CC (decimal 204)
   defining Unicode char U+00CD (decimal 205)
   defining Unicode char U+00CE (decimal 206)
   defining Unicode char U+00CF (decimal 207)
   defining Unicode char U+00D0 (decimal 208)
   defining Unicode char U+00D1 (decimal 209)
   defining Unicode char U+00D2 (decimal 210)
   defining Unicode char U+00D3 (decimal 211)
   defining Unicode char U+00D4 (decimal 212)
   defining Unicode char U+00D5 (decimal 213)
   defining Unicode char U+00D6 (decimal 214)
   defining Unicode char U+00D8 (decimal 216)
   defining Unicode char U+00D9 (decimal 217)
   defining Unicode char U+00DA (decimal 218)
   defining Unicode char U+00DB (decimal 219)
   defining Unicode char U+00DC (decimal 220)
   defining Unicode char U+00DD (decimal 221)
   defining Unicode char U+00DE (decimal 222)
   defining Unicode char U+00DF (decimal 223)
   defining Unicode char U+00E0 (decimal 224)
   defining Unicode char U+00E1 (decimal 225)
   defining Unicode char U+00E2 (decimal 226)
   defining Unicode char U+00E3 (decimal 227)
   defining Unicode char U+00E4 (decimal 228)
   defining Unicode char U+00E5 (decimal 229)
   defining Unicode char U+00E6 (decimal 230)
   defining Unicode char U+00E7 (decimal 231)
   defining Unicode char U+00E8 (decimal 232)
   defining Unicode char U+00E9 (decimal 233)
   defining Unicode char U+00EA (decimal 234)
   defining Unicode char U+00EB (decimal 235)
   defining Unicode char U+00EC (decimal 236)
   defining Unicode char U+00ED (decimal 237)
   defining Unicode char U+00EE (decimal 238)
   defining Unicode char U+00EF (decimal 239)
   defining Unicode char U+00F0 (decimal 240)
   defining Unicode char U+00F1 (decimal 241)
   defining Unicode char U+00F2 (decimal 242)
   defining Unicode char U+00F3 (decimal 243)
   defining Unicode char U+00F4 (decimal 244)
   defining Unicode char U+00F5 (decimal 245)
   defining Unicode char U+00F6 (decimal 246)
   defining Unicode char U+00F8 (decimal 248)
   defining Unicode char U+00F9 (decimal 249)
   defining Unicode char U+00FA (decimal 250)
   defining Unicode char U+00FB (decimal 251)
   defining Unicode char U+00FC (decimal 252)
   defining Unicode char U+00FD (decimal 253)
   defining Unicode char U+00FE (decimal 254)
   defining Unicode char U+00FF (decimal 255)
   defining Unicode char U+0100 (decimal 256)
   defining Unicode char U+0101 (decimal 257)
   defining Unicode char U+0102 (decimal 258)
   defining Unicode char U+0103 (decimal 259)
   defining Unicode char U+0104 (decimal 260)
   defining Unicode char U+0105 (decimal 261)
   defining Unicode char U+0106 (decimal 262)
   defining Unicode char U+0107 (decimal 263)
   defining Unicode char U+0108 (decimal 264)
   defining Unicode char U+0109 (decimal 265)
   defining Unicode char U+010A (decimal 266)
   defining Unicode char U+010B (decimal 267)
   defining Unicode char U+010C (decimal 268)
   defining Unicode char U+010D (decimal 269)
   defining Unicode char U+010E (decimal 270)
   defining Unicode char U+010F (decimal 271)
   defining Unicode char U+0110 (decimal 272)
   defining Unicode char U+0111 (decimal 273)
   defining Unicode char U+0112 (decimal 274)
   defining Unicode char U+0113 (decimal 275)
   defining Unicode char U+0114 (decimal 276)
   defining Unicode char U+0115 (decimal 277)
   defining Unicode char U+0116 (decimal 278)
   defining Unicode char U+0117 (decimal 279)
   defining Unicode char U+0118 (decimal 280)
   defining Unicode char U+0119 (decimal 281)
   defining Unicode char U+011A (decimal 282)
   defining Unicode char U+011B (decimal 283)
   defining Unicode char U+011C (decimal 284)
   defining Unicode char U+011D (decimal 285)
   defining Unicode char U+011E (decimal 286)
   defining Unicode char U+011F (decimal 287)
   defining Unicode char U+0120 (decimal 288)
   defining Unicode char U+0121 (decimal 289)
   defining Unicode char U+0122 (decimal 290)
   defining Unicode char U+0123 (decimal 291)
   defining Unicode char U+0124 (decimal 292)
   defining Unicode char U+0125 (decimal 293)
   defining Unicode char U+0128 (decimal 296)
   defining Unicode char U+0129 (decimal 297)
   defining Unicode char U+012A (decimal 298)
   defining Unicode char U+012B (decimal 299)
   defining Unicode char U+012C (decimal 300)
   defining Unicode char U+012D (decimal 301)
   defining Unicode char U+012E (decimal 302)
   defining Unicode char U+012F (decimal 303)
   defining Unicode char U+0130 (decimal 304)
   defining Unicode char U+0131 (decimal 305)
   defining Unicode char U+0132 (decimal 306)
   defining Unicode char U+0133 (decimal 307)
   defining Unicode char U+0134 (decimal 308)
   defining Unicode char U+0135 (decimal 309)
   defining Unicode char U+0136 (decimal 310)
   defining Unicode char U+0137 (decimal 311)
   defining Unicode char U+0139 (decimal 313)
   defining Unicode char U+013A (decimal 314)
   defining Unicode char U+013B (decimal 315)
   defining Unicode char U+013C (decimal 316)
   defining Unicode char U+013D (decimal 317)
   defining Unicode char U+013E (decimal 318)
   defining Unicode char U+0141 (decimal 321)
   defining Unicode char U+0142 (decimal 322)
   defining Unicode char U+0143 (decimal 323)
   defining Unicode char U+0144 (decimal 324)
   defining Unicode char U+0145 (decimal 325)
   defining Unicode char U+0146 (decimal 326)
   defining Unicode char U+0147 (decimal 327)
   defining Unicode char U+0148 (decimal 328)
   defining Unicode char U+014A (decimal 330)
   defining Unicode char U+014B (decimal 331)
   defining Unicode char U+014C (decimal 332)
   defining Unicode char U+014D (decimal 333)
   defining Unicode char U+014E (decimal 334)
   defining Unicode char U+014F (decimal 335)
   defining Unicode char U+0150 (decimal 336)
   defining Unicode char U+0151 (decimal 337)
   defining Unicode char U+0152 (decimal 338)
   defining Unicode char U+0153 (decimal 339)
   defining Unicode char U+0154 (decimal 340)
   defining Unicode char U+0155 (decimal 341)
   defining Unicode char U+0156 (decimal 342)
   defining Unicode char U+0157 (decimal 343)
   defining Unicode char U+0158 (decimal 344)
   defining Unicode char U+0159 (decimal 345)
   defining Unicode char U+015A (decimal 346)
   defining Unicode char U+015B (decimal 347)
   defining Unicode char U+015C (decimal 348)
   defining Unicode char U+015D (decimal 349)
   defining Unicode char U+015E (decimal 350)
   defining Unicode char U+015F (decimal 351)
   defining Unicode char U+0160 (decimal 352)
   defining Unicode char U+0161 (decimal 353)
   defining Unicode char U+0162 (decimal 354)
   defining Unicode char U+0163 (decimal 355)
   defining Unicode char U+0164 (decimal 356)
   defining Unicode char U+0165 (decimal 357)
   defining Unicode char U+0168 (decimal 360)
   defining Unicode char U+0169 (decimal 361)
   defining Unicode char U+016A (decimal 362)
   defining Unicode char U+016B (decimal 363)
   defining Unicode char U+016C (decimal 364)
   defining Unicode char U+016D (decimal 365)
   defining Unicode char U+016E (decimal 366)
   defining Unicode char U+016F (decimal 367)
   defining Unicode char U+0170 (decimal 368)
   defining Unicode char U+0171 (decimal 369)
   defining Unicode char U+0172 (decimal 370)
   defining Unicode char U+0173 (decimal 371)
   defining Unicode char U+0174 (decimal 372)
   defining Unicode char U+0175 (decimal 373)
   defining Unicode char U+0176 (decimal 374)
   defining Unicode char U+0177 (decimal 375)
   defining Unicode char U+0178 (decimal 376)
   defining Unicode char U+0179 (decimal 377)
   defining Unicode char U+017A (decimal 378)
   defining Unicode char U+017B (decimal 379)
   defining Unicode char U+017C (decimal 380)
   defining Unicode char U+017D (decimal 381)
   defining Unicode char U+017E (decimal 382)
   defining Unicode char U+01CD (decimal 461)
   defining Unicode char U+01CE (decimal 462)
   defining Unicode char U+01CF (decimal 463)
   defining Unicode char U+01D0 (decimal 464)
   defining Unicode char U+01D1 (decimal 465)
   defining Unicode char U+01D2 (decimal 466)
   defining Unicode char U+01D3 (decimal 467)
   defining Unicode char U+01D4 (decimal 468)
   defining Unicode char U+01E2 (decimal 482)
   defining Unicode char U+01E3 (decimal 483)
   defining Unicode char U+01E6 (decimal 486)
   defining Unicode char U+01E7 (decimal 487)
   defining Unicode char U+01E8 (decimal 488)
   defining Unicode char U+01E9 (decimal 489)
   defining Unicode char U+01EA (decimal 490)
   defining Unicode char U+01EB (decimal 491)
   defining Unicode char U+01F0 (decimal 496)
   defining Unicode char U+01F4 (decimal 500)
   defining Unicode char U+01F5 (decimal 501)
   defining Unicode char U+0218 (decimal 536)
   defining Unicode char U+0219 (decimal 537)
   defining Unicode char U+021A (decimal 538)
   defining Unicode char U+021B (decimal 539)
   defining Unicode char U+0232 (decimal 562)
   defining Unicode char U+0233 (decimal 563)
   defining Unicode char U+1E02 (decimal 7682)
   defining Unicode char U+1E03 (decimal 7683)
   defining Unicode char U+200C (decimal 8204)
   defining Unicode char U+2010 (decimal 8208)
   defining Unicode char U+2011 (decimal 8209)
   defining Unicode char U+2012 (decimal 8210)
   defining Unicode char U+2013 (decimal 8211)
   defining Unicode char U+2014 (decimal 8212)
   defining Unicode char U+2015 (decimal 8213)
   defining Unicode char U+2018 (decimal 8216)
   defining Unicode char U+2019 (decimal 8217)
   defining Unicode char U+201A (decimal 8218)
   defining Unicode char U+201C (decimal 8220)
   defining Unicode char U+201D (decimal 8221)
   defining Unicode char U+201E (decimal 8222)
   defining Unicode char U+2030 (decimal 8240)
   defining Unicode char U+2031 (decimal 8241)
   defining Unicode char U+2039 (decimal 8249)
   defining Unicode char U+203A (decimal 8250)
   defining Unicode char U+2423 (decimal 9251)
   defining Unicode char U+1E20 (decimal 7712)
   defining Unicode char U+1E21 (decimal 7713)
)
Now handling font encoding OT1 ...
... processing UTF-8 mapping file for font encoding OT1

("C:\Users\qhxq9u\AppData\Local\Programs\MiKTeX 2.9\tex\latex\base\ot1enc.dfu"
File: ot1enc.dfu 2017/01/28 v1.1t UTF-8 support for inputenc
   defining Unicode char U+00A0 (decimal 160)
   defining Unicode char U+00A1 (decimal 161)
   defining Unicode char U+00A3 (decimal 163)
   defining Unicode char U+00AD (decimal 173)
   defining Unicode char U+00B8 (decimal 184)
   defining Unicode char U+00BF (decimal 191)
   defining Unicode char U+00C5 (decimal 197)
   defining Unicode char U+00C6 (decimal 198)
   defining Unicode char U+00D8 (decimal 216)
   defining Unicode char U+00DF (decimal 223)
   defining Unicode char U+00E6 (decimal 230)
   defining Unicode char U+00EC (decimal 236)
   defining Unicode char U+00ED (decimal 237)
   defining Unicode char U+00EE (decimal 238)
   defining Unicode char U+00EF (decimal 239)
   defining Unicode char U+00F8 (decimal 248)
   defining Unicode char U+0131 (decimal 305)
   defining Unicode char U+0141 (decimal 321)
   defining Unicode char U+0142 (decimal 322)
   defining Unicode char U+0152 (decimal 338)
   defining Unicode char U+0153 (decimal 339)
   defining Unicode char U+0174 (decimal 372)
   defining Unicode char U+0175 (decimal 373)
   defining Unicode char U+0176 (decimal 374)
   defining Unicode char U+0177 (decimal 375)
   defining Unicode char U+0218 (decimal 536)
   defining Unicode char U+0219 (decimal 537)
   defining Unicode char U+021A (decimal 538)
   defining Unicode char U+021B (decimal 539)
   defining Unicode char U+2013 (decimal 8211)
   defining Unicode char U+2014 (decimal 8212)
   defining Unicode char U+2018 (decimal 8216)
   defining Unicode char U+2019 (decimal 8217)
   defining Unicode char U+201C (decimal 8220)
   defining Unicode char U+201D (decimal 8221)
)
Now handling font encoding OMS ...
... processing UTF-8 mapping file for font encoding OMS
("C:\Users\qhxq9u\AppData\Local\Programs\MiKTeX 2.9\tex\latex\base\omsenc.dfu"
File: omsenc.dfu 2017/01/28 v1.1t UTF-8 support for inputenc
   defining Unicode char U+00A7 (decimal 167)
   defining Unicode char U+00B6 (decimal 182)
   defining Unicode char U+00B7 (decimal 183)
   defining Unicode char U+2020 (decimal 8224)
   defining Unicode char U+2021 (decimal 8225)
   defining Unicode char U+2022 (decimal 8226)
)
Now handling font encoding OMX ...
... no UTF-8 mapping file for font encoding OMX
Now handling font encoding U ...
... no UTF-8 mapping file for font encoding U
Now handling font encoding PD1 ...
... no UTF-8 mapping file for font encoding PD1
Now handling font encoding PU ...
... no UTF-8 mapping file for font encoding PU
   defining Unicode char U+00A9 (decimal 169)
   defining Unicode char U+00AA (decimal 170)
   defining Unicode char U+00AE (decimal 174)
   defining Unicode char U+00BA (decimal 186)
   defining Unicode char U+02C6 (decimal 710)
   defining Unicode char U+02DC (decimal 732)
   defining Unicode char U+200C (decimal 8204)
   defining Unicode char U+2026 (decimal 8230)
   defining Unicode char U+2122 (decimal 8482)
   defining Unicode char U+2423 (decimal 9251)
))
("C:\Users\qhxq9u\AppData\Local\Programs\MiKTeX 2.9\tex\latex\graphics\graphicx
.sty"
Package: graphicx 2017/06/01 v1.1a Enhanced LaTeX Graphics (DPC,SPQR)

("C:\Users\qhxq9u\AppData\Local\Programs\MiKTeX 2.9\tex\latex\graphics\graphics
.sty"
Package: graphics 2017/06/25 v1.2c Standard LaTeX Graphics (DPC,SPQR)

("C:\Users\qhxq9u\AppData\Local\Programs\MiKTeX 2.9\tex\latex\graphics\trig.sty
"
Package: trig 2016/01/03 v1.10 sin cos tan (DPC)
)
("C:\Users\qhxq9u\AppData\Local\Programs\MiKTeX 2.9\tex\latex\graphics-cfg\grap
hics.cfg"
File: graphics.cfg 2016/06/04 v1.11 sample graphics configuration
)
Package graphics Info: Driver file: pdftex.def on input line 99.

("C:\Users\qhxq9u\AppData\Local\Programs\MiKTeX 2.9\tex\latex\graphics-def\pdft
ex.def"
File: pdftex.def 2018/01/08 v1.0l Graphics/color driver for pdftex
))
\Gin@req@height=\dimen152
\Gin@req@width=\dimen153
)
("C:\Users\qhxq9u\AppData\Local\Programs\MiKTeX 2.9\tex\latex\dirtree\dirtree.s
ty"
Package: dirtree 2012/12/11 v0.32 package wrapper for dirtree

("C:\Users\qhxq9u\AppData\Local\Programs\MiKTeX 2.9\tex\generic\dirtree\dirtree
.tex" `dirtree' v0.32, 2012/12/11 (jcc)
\DT@offset=\dimen154
\DT@width=\dimen155
\DT@sep=\dimen156
\DT@all=\dimen157
\DT@rulewidth=\dimen158
\DT@dotwidth=\dimen159
\DTbaselineskip=\dimen160
\DT@counti=\count152
\DT@countii=\count153
\DT@countiii=\count154
\DT@countiv=\count155
\DT@indent=\dimen161
\DT@parskip=\dimen162
\DT@baselineskip=\dimen163
)
File: dirtree.tex 2012/12/11 v0.32 `dirtree' (jcc)
)
("C:\Users\qhxq9u\AppData\Local\Programs\MiKTeX 2.9\tex\latex\glossaries\base\g
lossaries.sty"
Package: glossaries 2018/03/07 v4.36 (NLCT)

("C:\Users\qhxq9u\AppData\Local\Programs\MiKTeX 2.9\tex\latex\base\ifthen.sty"
Package: ifthen 2014/09/29 v1.1c Standard LaTeX ifthen package (DPC)
)
("C:\Users\qhxq9u\AppData\Local\Programs\MiKTeX 2.9\tex\latex\xkeyval\xkeyval.s
ty"
Package: xkeyval 2014/12/03 v2.7a package option processing (HA)

("C:\Users\qhxq9u\AppData\Local\Programs\MiKTeX 2.9\tex\generic\xkeyval\xkeyval
.tex"
("C:\Users\qhxq9u\AppData\Local\Programs\MiKTeX 2.9\tex\generic\xkeyval\xkvutil
s.tex"
\XKV@toks=\toks25
\XKV@tempa@toks=\toks26
)
\XKV@depth=\count156
File: xkeyval.tex 2014/12/03 v2.7a key=value parser (HA)
))
("C:\Users\qhxq9u\AppData\Local\Programs\MiKTeX 2.9\tex\latex\mfirstuc\mfirstuc
.sty"
Package: mfirstuc 2017/11/14 v2.06 (NLCT)
\@glsmfirst=\toks27
\@glsmrest=\toks28
)
("C:\Users\qhxq9u\AppData\Local\Programs\MiKTeX 2.9\tex\latex\textcase\textcase
.sty"
Package: textcase 2004/10/07 v0.07 Text only upper/lower case changing (DPC)
LaTeX Info: Redefining \MakeTextUppercase on input line 47.
LaTeX Info: Redefining \MakeTextLowercase on input line 50.
)
("C:\Users\qhxq9u\AppData\Local\Programs\MiKTeX 2.9\tex\latex\xfor\xfor.sty"
Package: xfor 2009/02/05 v1.05 (NLCT)
)
("C:\Users\qhxq9u\AppData\Local\Programs\MiKTeX 2.9\tex\latex\datatool\datatool
-base.sty"
Package: datatool-base 2017/11/12 v2.29 (NLCT)

("C:\Users\qhxq9u\AppData\Local\Programs\MiKTeX 2.9\tex\latex\amsmath\amsmath.s
ty"
Package: amsmath 2017/09/02 v2.17a AMS math features
\@mathmargin=\skip186

For additional information on amsmath, use the `?' option.

("C:\Users\qhxq9u\AppData\Local\Programs\MiKTeX 2.9\tex\latex\amsmath\amstext.s
ty"
Package: amstext 2000/06/29 v2.01 AMS text

("C:\Users\qhxq9u\AppData\Local\Programs\MiKTeX 2.9\tex\latex\amsmath\amsgen.st
y"
File: amsgen.sty 1999/11/30 v2.0 generic functions
\@emptytoks=\toks29
\ex@=\dimen164
))
("C:\Users\qhxq9u\AppData\Local\Programs\MiKTeX 2.9\tex\latex\amsmath\amsbsy.st
y"
Package: amsbsy 1999/11/29 v1.2d Bold Symbols
\pmbraise@=\dimen165
)
("C:\Users\qhxq9u\AppData\Local\Programs\MiKTeX 2.9\tex\latex\amsmath\amsopn.st
y"
Package: amsopn 2016/03/08 v2.02 operator names
)
\inf@bad=\count157
LaTeX Info: Redefining \frac on input line 213.
\uproot@=\count158
\leftroot@=\count159
LaTeX Info: Redefining \overline on input line 375.
\classnum@=\count160
\DOTSCASE@=\count161
LaTeX Info: Redefining \ldots on input line 472.
LaTeX Info: Redefining \dots on input line 475.
LaTeX Info: Redefining \cdots on input line 596.
\Mathstrutbox@=\box29
\strutbox@=\box30
\big@size=\dimen166
LaTeX Font Info:    Redeclaring font encoding OML on input line 712.
LaTeX Font Info:    Redeclaring font encoding OMS on input line 713.
\macc@depth=\count162
\c@MaxMatrixCols=\count163
\dotsspace@=\muskip11
\c@parentequation=\count164
\dspbrk@lvl=\count165
\tag@help=\toks30
\row@=\count166
\column@=\count167
\maxfields@=\count168
\andhelp@=\toks31
\eqnshift@=\dimen167
\alignsep@=\dimen168
\tagshift@=\dimen169
\tagwidth@=\dimen170
\totwidth@=\dimen171
\lineht@=\dimen172
\@envbody=\toks32
\multlinegap=\skip187
\multlinetaggap=\skip188
\mathdisplay@stack=\toks33
LaTeX Info: Redefining \[ on input line 2817.
LaTeX Info: Redefining \] on input line 2818.
)
("C:\Users\qhxq9u\AppData\Local\Programs\MiKTeX 2.9\tex\latex\substr\substr.sty
"
Package: substr 2009/10/20 v1.2 Handle substrings
\c@su@anzahl=\count169
)
("C:\Users\qhxq9u\AppData\Local\Programs\MiKTeX 2.9\tex\latex\datatool\datatool
-fp.sty"
Package: datatool-fp 2017/11/12 v2.29 (NLCT)
 ("C:\Users\qhxq9u\AppData\Local\Programs\MiKTeX 2.9\tex\latex\fp\fp.sty"
Package: fp 1995/04/02
 `Fixed Point Package', Version 0.8, April 2, 1995 (C) Michael Mehlich
("C:\Users\qhxq9u\AppData\Local\Programs\MiKTeX 2.9\tex\latex\fp\defpattern.sty
"
Package: defpattern 1994/10/12
\actioncount=\count170
) ("C:\Users\qhxq9u\AppData\Local\Programs\MiKTeX 2.9\tex\latex\fp\fp-basic.sty
"
Package: fp-basic 1996/05/13
\FP@xs=\count171
\FP@xia=\count172
\FP@xib=\count173
\FP@xfa=\count174
\FP@xfb=\count175
\FP@rega=\count176
\FP@regb=\count177
\FP@regs=\count178
\FP@times=\count179
)
("C:\Users\qhxq9u\AppData\Local\Programs\MiKTeX 2.9\tex\latex\fp\fp-addons.sty"
Package: fp-addons 1995/03/15
) ("C:\Users\qhxq9u\AppData\Local\Programs\MiKTeX 2.9\tex\latex\fp\fp-snap.sty"
Package: fp-snap 1995/04/05
) ("C:\Users\qhxq9u\AppData\Local\Programs\MiKTeX 2.9\tex\latex\fp\fp-exp.sty"
Package: fp-exp 1995/04/03
) ("C:\Users\qhxq9u\AppData\Local\Programs\MiKTeX 2.9\tex\latex\fp\fp-trigo.sty
"
Package: fp-trigo 1995/04/14
) ("C:\Users\qhxq9u\AppData\Local\Programs\MiKTeX 2.9\tex\latex\fp\fp-pas.sty"
Package: fp-pas 1994/08/29
) ("C:\Users\qhxq9u\AppData\Local\Programs\MiKTeX 2.9\tex\latex\fp\fp-random.st
y"
Package: fp-random 1995/02/23
\FPseed=\count180
) ("C:\Users\qhxq9u\AppData\Local\Programs\MiKTeX 2.9\tex\latex\fp\fp-eqn.sty"
Package: fp-eqn 1995/04/03
) ("C:\Users\qhxq9u\AppData\Local\Programs\MiKTeX 2.9\tex\latex\fp\fp-upn.sty"
Package: fp-upn 1996/10/21
) ("C:\Users\qhxq9u\AppData\Local\Programs\MiKTeX 2.9\tex\latex\fp\fp-eval.sty"
Package: fp-eval 1995/04/03
)))
\@dtl@toks=\toks34
\@dtl@tmpcount=\count181
\dtl@tmplength=\skip189
\dtl@sortresult=\count182
\@dtl@numgrpsepcount=\count183
\@dtl@datatype=\count184
\dtl@codeA=\count185
\dtl@codeB=\count186
\@dtl@foreach@level=\count187
)
("C:\Users\qhxq9u\AppData\Local\Programs\MiKTeX 2.9\tex\latex\glossaries\base\g
lossaries-compatible-307.sty"
Package: glossaries-compatible-307 2018/03/07 v4.36 (NLCT)
)
("C:\Users\qhxq9u\AppData\Local\Programs\MiKTeX 2.9\tex\latex\tracklang\trackla
ng.sty"
Package: tracklang 2018/02/21 v1.3.5 (NLCT) Track Languages

("C:\Users\qhxq9u\AppData\Local\Programs\MiKTeX 2.9\tex\generic\tracklang\track
lang.tex"))
("C:\Users\qhxq9u\AppData\Local\Programs\MiKTeX 2.9\tex\latex\translator\transl
ator.sty"
Package: translator 2018/01/04 v1.12 Easy translation of strings in LaTeX
)
("C:\Users\qhxq9u\AppData\Local\Programs\MiKTeX 2.9\tex\latex\glossaries-englis
h\glossaries-english.ldf"
File: glossaries-english.ldf 2014/11/23 v1.0
)
\gls@level=\count188
\@gls@tmpb=\toks35
\gls@tmplen=\skip190


Package glossaries Warning: Overriding \printglossary on input line 5645.


Package glossaries Warning: Overriding `theglossary' environment on input line 
6304.

\glskeylisttok=\toks36
\glslabeltok=\toks37
\glsshorttok=\toks38
\glslongtok=\toks39

("C:\Users\qhxq9u\AppData\Local\Programs\MiKTeX 2.9\tex\latex\glossaries\styles
\glossary-hypernav.sty"
Package: glossary-hypernav 2018/03/07 v4.36 (NLCT)
)
("C:\Users\qhxq9u\AppData\Local\Programs\MiKTeX 2.9\tex\latex\glossaries\styles
\glossary-list.sty"
Package: glossary-list 2018/03/07 v4.36 (NLCT)
\glslistdottedwidth=\skip191
)
("C:\Users\qhxq9u\AppData\Local\Programs\MiKTeX 2.9\tex\latex\glossaries\styles
\glossary-long.sty"
Package: glossary-long 2018/03/07 v4.36 (NLCT)

("C:\Users\qhxq9u\AppData\Local\Programs\MiKTeX 2.9\tex\latex\tools\longtable.s
ty"
Package: longtable 2014/10/28 v4.11 Multi-page Table package (DPC)
\LTleft=\skip192
\LTright=\skip193
\LTpre=\skip194
\LTpost=\skip256
\LTchunksize=\count189
\LTcapwidth=\dimen173
\LT@head=\box31
\LT@firsthead=\box32
\LT@foot=\box33
\LT@lastfoot=\box34
\LT@cols=\count190
\LT@rows=\count191
\c@LT@tables=\count192
\c@LT@chunks=\count193
\LT@p@ftn=\toks40
)
\glsdescwidth=\skip257
\glspagelistwidth=\skip258
)
("C:\Users\qhxq9u\AppData\Local\Programs\MiKTeX 2.9\tex\latex\glossaries\styles
\glossary-super.sty"
Package: glossary-super 2018/03/07 v4.36 (NLCT)

("C:\Users\qhxq9u\AppData\Local\Programs\MiKTeX 2.9\tex\latex\supertabular\supe
rtabular.sty"
Package: supertabular 2004/02/20 v4.1e the supertabular environment
\c@tracingst=\count194
\ST@wd=\dimen174
\ST@rightskip=\skip259
\ST@leftskip=\skip260
\ST@parfillskip=\skip261
\ST@pageleft=\dimen175
\ST@headht=\dimen176
\ST@tailht=\dimen177
\ST@pagesofar=\dimen178
\ST@pboxht=\dimen179
\ST@lineht=\dimen180
\ST@stretchht=\dimen181
\ST@prevht=\dimen182
\ST@toadd=\dimen183
\ST@dimen=\dimen184
\ST@pbox=\box35
))
("C:\Users\qhxq9u\AppData\Local\Programs\MiKTeX 2.9\tex\latex\glossaries\styles
\glossary-tree.sty"
Package: glossary-tree 2018/03/07 v4.36 (NLCT)
\glstreeindent=\skip262
))
\glswrite=\write4
\glo@main@file=\write5
\openout5 = `DP_Slama_Michal_2018.glo'.

Package glossaries Info: Writing glossary file DP_Slama_Michal_2018.glo on inpu
t line 24.
\glo@acronym@file=\write6
\openout6 = `DP_Slama_Michal_2018.acn'.

Package glossaries Info: Writing glossary file DP_Slama_Michal_2018.acn on inpu
t line 24.

("C:\Users\qhxq9u\AppData\Local\Programs\MiKTeX 2.9\tex\latex\todonotes\todonot
es.sty"
Package: todonotes 2015/07/09 .dtx Todonotes source and documentation.
Package: todonotes 2012/07/25

("C:\Users\qhxq9u\AppData\Local\Programs\MiKTeX 2.9\tex\latex\xcolor\xcolor.sty
"
Package: xcolor 2016/05/11 v2.12 LaTeX color extensions (UK)

("C:\Users\qhxq9u\AppData\Local\Programs\MiKTeX 2.9\tex\latex\graphics-cfg\colo
r.cfg"
File: color.cfg 2016/01/02 v1.6 sample color configuration
)
Package xcolor Info: Driver file: pdftex.def on input line 225.
Package xcolor Info: Model `cmy' substituted by `cmy0' on input line 1348.
Package xcolor Info: Model `hsb' substituted by `rgb' on input line 1352.
Package xcolor Info: Model `RGB' extended on input line 1364.
Package xcolor Info: Model `HTML' substituted by `rgb' on input line 1366.
Package xcolor Info: Model `Hsb' substituted by `hsb' on input line 1367.
Package xcolor Info: Model `tHsb' substituted by `hsb' on input line 1368.
Package xcolor Info: Model `HSB' substituted by `hsb' on input line 1369.
Package xcolor Info: Model `Gray' substituted by `gray' on input line 1370.
Package xcolor Info: Model `wave' substituted by `hsb' on input line 1371.
)
("C:\Users\qhxq9u\AppData\Local\Programs\MiKTeX 2.9\tex\latex\pgf\frontendlayer
\tikz.sty"
("C:\Users\qhxq9u\AppData\Local\Programs\MiKTeX 2.9\tex\latex\pgf\basiclayer\pg
f.sty"
("C:\Users\qhxq9u\AppData\Local\Programs\MiKTeX 2.9\tex\latex\pgf\utilities\pgf
rcs.sty"
("C:\Users\qhxq9u\AppData\Local\Programs\MiKTeX 2.9\tex\generic\pgf\utilities\p
gfutil-common.tex"
\pgfutil@everybye=\toks41
\pgfutil@tempdima=\dimen185
\pgfutil@tempdimb=\dimen186

("C:\Users\qhxq9u\AppData\Local\Programs\MiKTeX 2.9\tex\generic\pgf\utilities\p
gfutil-common-lists.tex"))
("C:\Users\qhxq9u\AppData\Local\Programs\MiKTeX 2.9\tex\generic\pgf\utilities\p
gfutil-latex.def"
\pgfutil@abb=\box36

("C:\Users\qhxq9u\AppData\Local\Programs\MiKTeX 2.9\tex\latex\ms\everyshi.sty"
Package: everyshi 2001/05/15 v3.00 EveryShipout Package (MS)
))
("C:\Users\qhxq9u\AppData\Local\Programs\MiKTeX 2.9\tex\generic\pgf\utilities\p
gfrcs.code.tex"
Package: pgfrcs 2015/08/07 v3.0.1a (rcs-revision 1.31)
))
Package: pgf 2015/08/07 v3.0.1a (rcs-revision 1.15)

("C:\Users\qhxq9u\AppData\Local\Programs\MiKTeX 2.9\tex\latex\pgf\basiclayer\pg
fcore.sty"
("C:\Users\qhxq9u\AppData\Local\Programs\MiKTeX 2.9\tex\latex\pgf\systemlayer\p
gfsys.sty"
("C:\Users\qhxq9u\AppData\Local\Programs\MiKTeX 2.9\tex\generic\pgf\systemlayer
\pgfsys.code.tex"
Package: pgfsys 2014/07/09 v3.0.1a (rcs-revision 1.48)

("C:\Users\qhxq9u\AppData\Local\Programs\MiKTeX 2.9\tex\generic\pgf\utilities\p
gfkeys.code.tex"
\pgfkeys@pathtoks=\toks42
\pgfkeys@temptoks=\toks43

("C:\Users\qhxq9u\AppData\Local\Programs\MiKTeX 2.9\tex\generic\pgf\utilities\p
gfkeysfiltered.code.tex"
\pgfkeys@tmptoks=\toks44
))
\pgf@x=\dimen187
\pgf@y=\dimen188
\pgf@xa=\dimen189
\pgf@ya=\dimen190
\pgf@xb=\dimen191
\pgf@yb=\dimen192
\pgf@xc=\dimen193
\pgf@yc=\dimen194
\w@pgf@writea=\write7
\r@pgf@reada=\read2
\c@pgf@counta=\count266
\c@pgf@countb=\count267
\c@pgf@countc=\count268
\c@pgf@countd=\count269
\t@pgf@toka=\toks45
\t@pgf@tokb=\toks46
\t@pgf@tokc=\toks47

("C:\Users\qhxq9u\AppData\Local\Programs\MiKTeX 2.9\tex\generic\pgf\systemlayer
\pgf.cfg"
File: pgf.cfg 2008/05/14  (rcs-revision 1.7)
)
Driver file for pgf: pgfsys-pdftex.def

("C:\Users\qhxq9u\AppData\Local\Programs\MiKTeX 2.9\tex\generic\pgf\systemlayer
\pgfsys-pdftex.def"
File: pgfsys-pdftex.def 2014/10/11  (rcs-revision 1.35)

("C:\Users\qhxq9u\AppData\Local\Programs\MiKTeX 2.9\tex\generic\pgf\systemlayer
\pgfsys-common-pdf.def"
File: pgfsys-common-pdf.def 2013/10/10  (rcs-revision 1.13)
)))
("C:\Users\qhxq9u\AppData\Local\Programs\MiKTeX 2.9\tex\generic\pgf\systemlayer
\pgfsyssoftpath.code.tex"
File: pgfsyssoftpath.code.tex 2013/09/09  (rcs-revision 1.9)
\pgfsyssoftpath@smallbuffer@items=\count270
\pgfsyssoftpath@bigbuffer@items=\count271
)
("C:\Users\qhxq9u\AppData\Local\Programs\MiKTeX 2.9\tex\generic\pgf\systemlayer
\pgfsysprotocol.code.tex"
File: pgfsysprotocol.code.tex 2006/10/16  (rcs-revision 1.4)
))
("C:\Users\qhxq9u\AppData\Local\Programs\MiKTeX 2.9\tex\generic\pgf\basiclayer\
pgfcore.code.tex"
Package: pgfcore 2010/04/11 v3.0.1a (rcs-revision 1.7)

("C:\Users\qhxq9u\AppData\Local\Programs\MiKTeX 2.9\tex\generic\pgf\math\pgfmat
h.code.tex"
("C:\Users\qhxq9u\AppData\Local\Programs\MiKTeX 2.9\tex\generic\pgf\math\pgfmat
hcalc.code.tex"
("C:\Users\qhxq9u\AppData\Local\Programs\MiKTeX 2.9\tex\generic\pgf\math\pgfmat
hutil.code.tex")
("C:\Users\qhxq9u\AppData\Local\Programs\MiKTeX 2.9\tex\generic\pgf\math\pgfmat
hparser.code.tex"
\pgfmath@dimen=\dimen256
\pgfmath@count=\count272
\pgfmath@box=\box37
\pgfmath@toks=\toks48
\pgfmath@stack@operand=\toks49
\pgfmath@stack@operation=\toks50
)
("C:\Users\qhxq9u\AppData\Local\Programs\MiKTeX 2.9\tex\generic\pgf\math\pgfmat
hfunctions.code.tex"
("C:\Users\qhxq9u\AppData\Local\Programs\MiKTeX 2.9\tex\generic\pgf\math\pgfmat
hfunctions.basic.code.tex")
("C:\Users\qhxq9u\AppData\Local\Programs\MiKTeX 2.9\tex\generic\pgf\math\pgfmat
hfunctions.trigonometric.code.tex")
("C:\Users\qhxq9u\AppData\Local\Programs\MiKTeX 2.9\tex\generic\pgf\math\pgfmat
hfunctions.random.code.tex")
("C:\Users\qhxq9u\AppData\Local\Programs\MiKTeX 2.9\tex\generic\pgf\math\pgfmat
hfunctions.comparison.code.tex")
("C:\Users\qhxq9u\AppData\Local\Programs\MiKTeX 2.9\tex\generic\pgf\math\pgfmat
hfunctions.base.code.tex")
("C:\Users\qhxq9u\AppData\Local\Programs\MiKTeX 2.9\tex\generic\pgf\math\pgfmat
hfunctions.round.code.tex")
("C:\Users\qhxq9u\AppData\Local\Programs\MiKTeX 2.9\tex\generic\pgf\math\pgfmat
hfunctions.misc.code.tex")
("C:\Users\qhxq9u\AppData\Local\Programs\MiKTeX 2.9\tex\generic\pgf\math\pgfmat
hfunctions.integerarithmetics.code.tex")))
("C:\Users\qhxq9u\AppData\Local\Programs\MiKTeX 2.9\tex\generic\pgf\math\pgfmat
hfloat.code.tex"
\c@pgfmathroundto@lastzeros=\count273
))
("C:\Users\qhxq9u\AppData\Local\Programs\MiKTeX 2.9\tex\generic\pgf\basiclayer\
pgfcorepoints.code.tex"
File: pgfcorepoints.code.tex 2013/10/07  (rcs-revision 1.27)
\pgf@picminx=\dimen257
\pgf@picmaxx=\dimen258
\pgf@picminy=\dimen259
\pgf@picmaxy=\dimen260
\pgf@pathminx=\dimen261
\pgf@pathmaxx=\dimen262
\pgf@pathminy=\dimen263
\pgf@pathmaxy=\dimen264
\pgf@xx=\dimen265
\pgf@xy=\dimen266
\pgf@yx=\dimen267
\pgf@yy=\dimen268
\pgf@zx=\dimen269
\pgf@zy=\dimen270
)
("C:\Users\qhxq9u\AppData\Local\Programs\MiKTeX 2.9\tex\generic\pgf\basiclayer\
pgfcorepathconstruct.code.tex"
File: pgfcorepathconstruct.code.tex 2013/10/07  (rcs-revision 1.29)
\pgf@path@lastx=\dimen271
\pgf@path@lasty=\dimen272
)
("C:\Users\qhxq9u\AppData\Local\Programs\MiKTeX 2.9\tex\generic\pgf\basiclayer\
pgfcorepathusage.code.tex"
File: pgfcorepathusage.code.tex 2014/11/02  (rcs-revision 1.24)
\pgf@shorten@end@additional=\dimen273
\pgf@shorten@start@additional=\dimen274
)
("C:\Users\qhxq9u\AppData\Local\Programs\MiKTeX 2.9\tex\generic\pgf\basiclayer\
pgfcorescopes.code.tex"
File: pgfcorescopes.code.tex 2015/05/08  (rcs-revision 1.46)
\pgfpic=\box38
\pgf@hbox=\box39
\pgf@layerbox@main=\box40
\pgf@picture@serial@count=\count274
)
("C:\Users\qhxq9u\AppData\Local\Programs\MiKTeX 2.9\tex\generic\pgf\basiclayer\
pgfcoregraphicstate.code.tex"
File: pgfcoregraphicstate.code.tex 2014/11/02  (rcs-revision 1.12)
\pgflinewidth=\dimen275
)
("C:\Users\qhxq9u\AppData\Local\Programs\MiKTeX 2.9\tex\generic\pgf\basiclayer\
pgfcoretransformations.code.tex"
File: pgfcoretransformations.code.tex 2015/08/07  (rcs-revision 1.20)
\pgf@pt@x=\dimen276
\pgf@pt@y=\dimen277
\pgf@pt@temp=\dimen278
)
("C:\Users\qhxq9u\AppData\Local\Programs\MiKTeX 2.9\tex\generic\pgf\basiclayer\
pgfcorequick.code.tex"
File: pgfcorequick.code.tex 2008/10/09  (rcs-revision 1.3)
)
("C:\Users\qhxq9u\AppData\Local\Programs\MiKTeX 2.9\tex\generic\pgf\basiclayer\
pgfcoreobjects.code.tex"
File: pgfcoreobjects.code.tex 2006/10/11  (rcs-revision 1.2)
)
("C:\Users\qhxq9u\AppData\Local\Programs\MiKTeX 2.9\tex\generic\pgf\basiclayer\
pgfcorepathprocessing.code.tex"
File: pgfcorepathprocessing.code.tex 2013/09/09  (rcs-revision 1.9)
)
("C:\Users\qhxq9u\AppData\Local\Programs\MiKTeX 2.9\tex\generic\pgf\basiclayer\
pgfcorearrows.code.tex"
File: pgfcorearrows.code.tex 2015/05/14  (rcs-revision 1.43)
\pgfarrowsep=\dimen279
)
("C:\Users\qhxq9u\AppData\Local\Programs\MiKTeX 2.9\tex\generic\pgf\basiclayer\
pgfcoreshade.code.tex"
File: pgfcoreshade.code.tex 2013/07/15  (rcs-revision 1.15)
\pgf@max=\dimen280
\pgf@sys@shading@range@num=\count275
)
("C:\Users\qhxq9u\AppData\Local\Programs\MiKTeX 2.9\tex\generic\pgf\basiclayer\
pgfcoreimage.code.tex"
File: pgfcoreimage.code.tex 2013/07/15  (rcs-revision 1.18)

("C:\Users\qhxq9u\AppData\Local\Programs\MiKTeX 2.9\tex\generic\pgf\basiclayer\
pgfcoreexternal.code.tex"
File: pgfcoreexternal.code.tex 2014/07/09  (rcs-revision 1.21)
\pgfexternal@startupbox=\box41
))
("C:\Users\qhxq9u\AppData\Local\Programs\MiKTeX 2.9\tex\generic\pgf\basiclayer\
pgfcorelayers.code.tex"
File: pgfcorelayers.code.tex 2013/07/18  (rcs-revision 1.7)
)
("C:\Users\qhxq9u\AppData\Local\Programs\MiKTeX 2.9\tex\generic\pgf\basiclayer\
pgfcoretransparency.code.tex"
File: pgfcoretransparency.code.tex 2013/09/30  (rcs-revision 1.5)
)
("C:\Users\qhxq9u\AppData\Local\Programs\MiKTeX 2.9\tex\generic\pgf\basiclayer\
pgfcorepatterns.code.tex"
File: pgfcorepatterns.code.tex 2013/11/07  (rcs-revision 1.5)
)))
("C:\Users\qhxq9u\AppData\Local\Programs\MiKTeX 2.9\tex\generic\pgf\modules\pgf
moduleshapes.code.tex"
File: pgfmoduleshapes.code.tex 2014/03/21  (rcs-revision 1.35)
\pgfnodeparttextbox=\box42
)
("C:\Users\qhxq9u\AppData\Local\Programs\MiKTeX 2.9\tex\generic\pgf\modules\pgf
moduleplot.code.tex"
File: pgfmoduleplot.code.tex 2015/08/03  (rcs-revision 1.13)
)
("C:\Users\qhxq9u\AppData\Local\Programs\MiKTeX 2.9\tex\latex\pgf\compatibility
\pgfcomp-version-0-65.sty"
Package: pgfcomp-version-0-65 2007/07/03 v3.0.1a (rcs-revision 1.7)
\pgf@nodesepstart=\dimen281
\pgf@nodesepend=\dimen282
)
("C:\Users\qhxq9u\AppData\Local\Programs\MiKTeX 2.9\tex\latex\pgf\compatibility
\pgfcomp-version-1-18.sty"
Package: pgfcomp-version-1-18 2007/07/23 v3.0.1a (rcs-revision 1.1)
))
("C:\Users\qhxq9u\AppData\Local\Programs\MiKTeX 2.9\tex\latex\pgf\utilities\pgf
for.sty"
("C:\Users\qhxq9u\AppData\Local\Programs\MiKTeX 2.9\tex\latex\pgf\utilities\pgf
keys.sty"
("C:\Users\qhxq9u\AppData\Local\Programs\MiKTeX 2.9\tex\generic\pgf\utilities\p
gfkeys.code.tex"))
("C:\Users\qhxq9u\AppData\Local\Programs\MiKTeX 2.9\tex\latex\pgf\math\pgfmath.
sty"
("C:\Users\qhxq9u\AppData\Local\Programs\MiKTeX 2.9\tex\generic\pgf\math\pgfmat
h.code.tex"))
("C:\Users\qhxq9u\AppData\Local\Programs\MiKTeX 2.9\tex\generic\pgf\utilities\p
gffor.code.tex"
Package: pgffor 2013/12/13 v3.0.1a (rcs-revision 1.25)

("C:\Users\qhxq9u\AppData\Local\Programs\MiKTeX 2.9\tex\generic\pgf\math\pgfmat
h.code.tex")
\pgffor@iter=\dimen283
\pgffor@skip=\dimen284
\pgffor@stack=\toks51
\pgffor@toks=\toks52
))
("C:\Users\qhxq9u\AppData\Local\Programs\MiKTeX 2.9\tex\generic\pgf\frontendlay
er\tikz\tikz.code.tex"
Package: tikz 2015/08/07 v3.0.1a (rcs-revision 1.151)

("C:\Users\qhxq9u\AppData\Local\Programs\MiKTeX 2.9\tex\generic\pgf\libraries\p
gflibraryplothandlers.code.tex"
File: pgflibraryplothandlers.code.tex 2013/08/31 v3.0.1a (rcs-revision 1.20)
\pgf@plot@mark@count=\count276
\pgfplotmarksize=\dimen285
)
\tikz@lastx=\dimen286
\tikz@lasty=\dimen287
\tikz@lastxsaved=\dimen288
\tikz@lastysaved=\dimen289
\tikzleveldistance=\dimen290
\tikzsiblingdistance=\dimen291
\tikz@figbox=\box43
\tikz@figbox@bg=\box44
\tikz@tempbox=\box45
\tikz@tempbox@bg=\box46
\tikztreelevel=\count277
\tikznumberofchildren=\count278
\tikznumberofcurrentchild=\count279
\tikz@fig@count=\count280

("C:\Users\qhxq9u\AppData\Local\Programs\MiKTeX 2.9\tex\generic\pgf\modules\pgf
modulematrix.code.tex"
File: pgfmodulematrix.code.tex 2013/09/17  (rcs-revision 1.8)
\pgfmatrixcurrentrow=\count281
\pgfmatrixcurrentcolumn=\count282
\pgf@matrix@numberofcolumns=\count283
)
\tikz@expandcount=\count284

("C:\Users\qhxq9u\AppData\Local\Programs\MiKTeX 2.9\tex\generic\pgf\frontendlay
er\tikz\libraries\tikzlibrarytopaths.code.tex"
File: tikzlibrarytopaths.code.tex 2008/06/17 v3.0.1a (rcs-revision 1.2)
)))
("C:\Users\qhxq9u\AppData\Local\Programs\MiKTeX 2.9\tex\generic\pgf\frontendlay
er\tikz\libraries\tikzlibrarypositioning.code.tex"
File: tikzlibrarypositioning.code.tex 2008/10/06 v3.0.1a (rcs-revision 1.7)
)
("C:\Users\qhxq9u\AppData\Local\Programs\MiKTeX 2.9\tex\latex\tools\calc.sty"
Package: calc 2014/10/28 v4.3 Infix arithmetic (KKT,FJ)
\calc@Acount=\count285
\calc@Bcount=\count286
\calc@Adimen=\dimen292
\calc@Bdimen=\dimen293
\calc@Askip=\skip263
\calc@Bskip=\skip264
LaTeX Info: Redefining \setlength on input line 80.
LaTeX Info: Redefining \addtolength on input line 81.
\calc@Ccount=\count287
\calc@Cskip=\skip265
)
\c@@todonotes@numberoftodonotes=\count288
)
("C:\Users\qhxq9u\AppData\Local\Programs\MiKTeX 2.9\tex\latex\enumitem\enumitem
.sty"
Package: enumitem 2011/09/28 v3.5.2 Customized lists
\labelindent=\skip266
\enit@outerparindent=\dimen294
\enit@toks=\toks53
\enit@inbox=\box47
\enitdp@description=\count289
)
("C:\Users\qhxq9u\AppData\Local\Programs\MiKTeX 2.9\tex\latex\spverbatim\spverb
atim.sty"
Package: spverbatim 2009/08/10 v1.0 Verbatim with breakable spaces
)
("C:\Users\qhxq9u\AppData\Local\Programs\MiKTeX 2.9\tex\latex\listings\listings
.sty"
\lst@mode=\count290
\lst@gtempboxa=\box48
\lst@token=\toks54
\lst@length=\count291
\lst@currlwidth=\dimen295
\lst@column=\count292
\lst@pos=\count293
\lst@lostspace=\dimen296
\lst@width=\dimen297
\lst@newlines=\count294
\lst@lineno=\count295
\lst@maxwidth=\dimen298

("C:\Users\qhxq9u\AppData\Local\Programs\MiKTeX 2.9\tex\latex\listings\lstmisc.
sty"
File: lstmisc.sty 2015/06/04 1.6 (Carsten Heinz)
\c@lstnumber=\count296
\lst@skipnumbers=\count297
\lst@framebox=\box49
)
("C:\Users\qhxq9u\AppData\Local\Programs\MiKTeX 2.9\tex\latex\listings\listings
.cfg"
File: listings.cfg 2015/06/04 1.6 listings configuration
))
Package: listings 2015/06/04 1.6 (Carsten Heinz)


Class memoir Warning: You are using the caption package with the memoir class. 
To prepare we will now reset all captioning macros and configurations to kernel
 defaults, and then let the caption package take over. Please remember to use
 the caption package interfaces in order to
 configure your captions.


("C:\Users\qhxq9u\AppData\Local\Programs\MiKTeX 2.9\tex\latex\caption\caption.s
ty"
Package: caption 2016/02/21 v3.3-144 Customizing captions (AR)

("C:\Users\qhxq9u\AppData\Local\Programs\MiKTeX 2.9\tex\latex\caption\caption3.
sty"
Package: caption3 2016/05/22 v1.7-166 caption3 kernel (AR)
Package caption3 Info: TeX engine: e-TeX on input line 67.
\captionmargin=\dimen299
\captionmargin@=\dimen300
\captionwidth=\dimen301
\caption@tempdima=\dimen302
\caption@indent=\dimen303
\caption@parindent=\dimen304
\caption@hangindent=\dimen305
)
\c@ContinuedFloat=\count298
Package caption Info: hyperref package is loaded.
Package caption Info: listings package is loaded.
Package caption Info: longtable package is loaded.

("C:\Users\qhxq9u\AppData\Local\Programs\MiKTeX 2.9\tex\latex\caption\ltcaption
.sty"
Package: ltcaption 2013/06/09 v1.4-94 longtable captions (AR)
)
Package caption Info: supertabular package is loaded.
)
("C:\Users\qhxq9u\AppData\Local\Programs\MiKTeX 2.9\tex\latex\adjustbox\adjustb
ox.sty"
Package: adjustbox 2018/04/08 v1.1 Adjusting TeX boxes (trim, clip, ...)

("C:\Users\qhxq9u\AppData\Local\Programs\MiKTeX 2.9\tex\latex\adjustbox\adjcalc
.sty"
Package: adjcalc 2012/05/16 v1.1 Provides advanced setlength with multiple back
-ends (calc, etex, pgfmath)
)
("C:\Users\qhxq9u\AppData\Local\Programs\MiKTeX 2.9\tex\latex\adjustbox\trimcli
p.sty"
Package: trimclip 2018/04/08 v1.1 Trim and clip general TeX material

("C:\Users\qhxq9u\AppData\Local\Programs\MiKTeX 2.9\tex\latex\collectbox\collec
tbox.sty"
Package: collectbox 2012/05/17 v0.4b Collect macro arguments as boxes
\collectedbox=\box50
)
\tc@llx=\dimen306
\tc@lly=\dimen307
\tc@urx=\dimen308
\tc@ury=\dimen309
Package trimclip Info: Using driver 'tc-pdftex.def'.

("C:\Users\qhxq9u\AppData\Local\Programs\MiKTeX 2.9\tex\latex\adjustbox\tc-pdft
ex.def"
File: tc-pdftex.def 2018/04/08 v2.1 Clipping driver for pdftex
))
\adjbox@Width=\dimen310
\adjbox@Height=\dimen311
\adjbox@Depth=\dimen312
\adjbox@Totalheight=\dimen313
\adjbox@pwidth=\dimen314
\adjbox@pheight=\dimen315
\adjbox@pdepth=\dimen316
\adjbox@ptotalheight=\dimen317

("C:\Users\qhxq9u\AppData\Local\Programs\MiKTeX 2.9\tex\latex\ifoddpage\ifoddpa
ge.sty"
Package: ifoddpage 2016/04/23 v1.1 Conditionals for odd/even page detection
\c@checkoddpage=\count299
LaTeX Info: Redefining \checkoddpage on input line 45.
)
("C:\Users\qhxq9u\AppData\Local\Programs\MiKTeX 2.9\tex\latex\ltxmisc\varwidth.
sty"
Package: varwidth 2009/03/30 ver 0.92;  Variable-width minipages
\@vwid@box=\box51
\sift@deathcycles=\count300
\@vwid@loff=\dimen318
\@vwid@roff=\dimen319
)) (DP_Slama_Michal_2018.aux)
\openout1 = `DP_Slama_Michal_2018.aux'.

LaTeX Font Info:    Checking defaults for OML/cmm/m/it on input line 57.
LaTeX Font Info:    ... okay on input line 57.
LaTeX Font Info:    Checking defaults for T1/cmr/m/n on input line 57.
LaTeX Font Info:    ... okay on input line 57.
LaTeX Font Info:    Checking defaults for OT1/cmr/m/n on input line 57.
LaTeX Font Info:    ... okay on input line 57.
LaTeX Font Info:    Checking defaults for OMS/cmsy/m/n on input line 57.
LaTeX Font Info:    ... okay on input line 57.
LaTeX Font Info:    Checking defaults for OMX/cmex/m/n on input line 57.
LaTeX Font Info:    ... okay on input line 57.
LaTeX Font Info:    Checking defaults for U/cmr/m/n on input line 57.
LaTeX Font Info:    ... okay on input line 57.
LaTeX Font Info:    Checking defaults for PD1/pdf/m/n on input line 57.
LaTeX Font Info:    ... okay on input line 57.
LaTeX Font Info:    Checking defaults for PU/pdf/m/n on input line 57.
LaTeX Font Info:    ... okay on input line 57.
LaTeX Font Info:    Try loading font information for OT1+lmr on input line 57.

("C:\Users\qhxq9u\AppData\Local\Programs\MiKTeX 2.9\tex\latex\lm\ot1lmr.fd"
File: ot1lmr.fd 2009/10/30 v1.6 Font defs for Latin Modern
)
\AtBeginShipoutBox=\box52
Package hyperref Info: Link coloring OFF on input line 57.

("C:\Users\qhxq9u\AppData\Local\Programs\MiKTeX 2.9\tex\latex\hyperref\nameref.
sty"
Package: nameref 2016/05/21 v2.44 Cross-referencing by name of section

("C:\Users\qhxq9u\AppData\Local\Programs\MiKTeX 2.9\tex\generic\oberdiek\gettit
lestring.sty"
Package: gettitlestring 2016/05/16 v1.5 Cleanup title references (HO)
)
\c@section@level=\count301
)
Redoing nameref's sectioning
Redoing nameref's label
LaTeX Info: Redefining \nameref on input line 57.
LaTeX Info: Redefining \ref on input line 57.
LaTeX Info: Redefining \pageref on input line 57.
LaTeX Info: Redefining \nameref on input line 57.
(DP_Slama_Michal_2018.out) (DP_Slama_Michal_2018.out)
\@outlinefile=\write8
\openout8 = `DP_Slama_Michal_2018.out'.


("C:\Users\qhxq9u\AppData\Local\Programs\MiKTeX 2.9\tex\context\base\supp-pdf.m
kii"
[Loading MPS to PDF converter (version 2006.09.02).]
\scratchcounter=\count302
\scratchdimen=\dimen320
\scratchbox=\box53
\nofMPsegments=\count303
\nofMParguments=\count304
\everyMPshowfont=\toks55
\MPscratchCnt=\count305
\MPscratchDim=\dimen321
\MPnumerator=\count306
\makeMPintoPDFobject=\count307
\everyMPtoPDFconversion=\toks56
)
("C:\Users\qhxq9u\AppData\Local\Programs\MiKTeX 2.9\tex\latex\oberdiek\epstopdf
-base.sty"
Package: epstopdf-base 2016/05/15 v2.6 Base part for package epstopdf

("C:\Users\qhxq9u\AppData\Local\Programs\MiKTeX 2.9\tex\latex\oberdiek\grfext.s
ty"
Package: grfext 2016/05/16 v1.2 Manage graphics extensions (HO)
)
Package epstopdf-base Info: Redefining graphics rule for `.eps' on input line 4
38.
Package grfext Info: Graphics extension search list:
(grfext)             [.pdf,.png,.jpg,.mps,.jpeg,.jbig2,.jb2,.PDF,.PNG,.JPG,.JPE
G,.JBIG2,.JB2,.eps]
(grfext)             \AppendGraphicsExtensions on input line 456.
)
("C:\Users\qhxq9u\AppData\Local\Programs\MiKTeX 2.9\tex\latex\glossaries-englis
h\glossaries-dictionary-English.dict"
Dictionary: glossaries-dictionary, Language: English 
) (DP_Slama_Michal_2018.glsdefs)
ABD: EveryShipout initializing macros
\c@lstlisting=\count308
Package caption Info: Begin \AtBeginDocument code.
Package caption Info: End \AtBeginDocument code.
 [1

\openout4 = `DP_Slama_Michal_2018.ist'.

{C:/Users/qhxq9u/AppData/Local/MiKTeX/2.9/pdftex/config/pdftex.map}] [2

]
<cvut-logo-bw-en.pdf, id=172, 591.64943pt x 193.23091pt>
File: cvut-logo-bw-en.pdf Graphic file (type pdf)
<use cvut-logo-bw-en.pdf>
Package pdftex.def Info: cvut-logo-bw-en.pdf  used on input line 57.
(pdftex.def)             Requested size: 184.5pt x 60.25772pt.
 [1

 <./cvut-logo-bw-en.pdf>] [2

]

LaTeX Font Warning: Font shape `OT1/lmr/bx/sc' undefined
(Font)              using `OT1/lmr/bx/n' instead on input line 57.

LaTeX Font Info:    Try loading font information for OT1+lmss on input line 57.

("C:\Users\qhxq9u\AppData\Local\Programs\MiKTeX 2.9\tex\latex\lm\ot1lmss.fd"
File: ot1lmss.fd 2009/10/30 v1.6 Font defs for Latin Modern
)

LaTeX Font Warning: Font shape `OT1/lmss/bx/sc' undefined
(Font)              using `OT1/lmss/bx/n' instead on input line 57.

[3

] [4

] [5]
LaTeX Font Info:    Try loading font information for OMS+lmr on input line 57.

("C:\Users\qhxq9u\AppData\Local\Programs\MiKTeX 2.9\tex\latex\lm\omslmr.fd"
File: omslmr.fd 2009/10/30 v1.6 Font defs for Latin Modern
)
LaTeX Font Info:    Try loading font information for OMS+lmsy on input line 57.


("C:\Users\qhxq9u\AppData\Local\Programs\MiKTeX 2.9\tex\latex\lm\omslmsy.fd"
File: omslmsy.fd 2009/10/30 v1.6 Font defs for Latin Modern
)
LaTeX Font Info:    Font shape `OMS/lmr/m/n' in size <10.95> not available
(Font)              Font shape `OMS/lmsy/m/n' tried instead on input line 57.

[6

] [7

]
Overfull \hbox (10.921pt too wide) in paragraph at lines 57--57
[]\OT1/lmr/bx/n/10.95 Keywords \OT1/lmr/m/n/10.95 Ma-chine learn-ing, ap-pli-ca
-tion life-cy-cle man-age-ment, ALM, GDPR,
 []

[8] (DP_Slama_Michal_2018.toc
LaTeX Font Info:    Try loading font information for OML+lmm on input line 5.

("C:\Users\qhxq9u\AppData\Local\Programs\MiKTeX 2.9\tex\latex\lm\omllmm.fd"
File: omllmm.fd 2009/10/30 v1.6 Font defs for Latin Modern
)
LaTeX Font Info:    Try loading font information for OMX+lmex on input line 5.

("C:\Users\qhxq9u\AppData\Local\Programs\MiKTeX 2.9\tex\latex\lm\omxlmex.fd"
File: omxlmex.fd 2009/10/30 v1.6 Font defs for Latin Modern
)
LaTeX Font Info:    External font `lmex10' loaded for size
(Font)              <10.95> on input line 5.
LaTeX Font Info:    External font `lmex10' loaded for size
(Font)              <8> on input line 5.
LaTeX Font Info:    External font `lmex10' loaded for size
(Font)              <6> on input line 5.

[9

]) [10] (DP_Slama_Michal_2018.lof [11

]) [12]
\@gls@deffile=\write9
\openout9 = `DP_Slama_Michal_2018.glsdefs'.

pdfTeX warning (ext4): destination with the same identifier (name{page.1}) has 
been already used, duplicate ignored
<to be read again> 
                   \relax 
l.89 \chapter
             {The aim of this thesis} [1



]pdfTeX warning (ext4): destination with the same identifier (name{page.2}) has
 been already used, duplicate ignored
<to be read again> 
                   \relax 
l.89 \chapter
             {The aim of this thesis} [2

] [3] [4

]
Underfull \hbox (badness 10000) in paragraph at lines 103--105

 []

LaTeX Font Info:    Try loading font information for OT1+lmtt on input line 106
.
("C:\Users\qhxq9u\AppData\Local\Programs\MiKTeX 2.9\tex\latex\lm\ot1lmtt.fd"
File: ot1lmtt.fd 2009/10/30 v1.6 Font defs for Latin Modern
)
Overfull \hbox (6.52046pt too wide) in paragraph at lines 106--107
[]\OT1/lmr/m/n/10.95 You can try [][]Po-lar-ion[] on []$\OT1/lmtt/m/n/10.95 htt
ps : / / polarion\OML/lmm/m/it/10.95 :\OT1/lmtt/m/n/10.95 plm\OML/lmm/m/it/10.9
5 :\OT1/lmtt/m/n/10.95 automation\OML/lmm/m/it/10.95 :\OT1/lmtt/m/n/10.95 sieme
ns\OML/lmm/m/it/10.95 :\OT1/lmtt/m/n/10.95 com/$[]\OT1/lmr/m/n/10.95 . 
 []


Underfull \hbox (badness 10000) in paragraph at lines 106--107

 []


Underfull \hbox (badness 10000) in paragraph at lines 129--131

 []

[5]
Underfull \hbox (badness 10000) in paragraph at lines 142--143

 []


Underfull \hbox (badness 10000) in paragraph at lines 144--145

 []


Underfull \hbox (badness 10000) in paragraph at lines 146--147

 []


Underfull \hbox (badness 10000) in paragraph at lines 155--156

 []

<pictures/alm_unified_processes.jpg, id=426, 622.57594pt x 609.02531pt>
File: pictures/alm_unified_processes.jpg Graphic file (type jpg)
<use pictures/alm_unified_processes.jpg>
Package pdftex.def Info: pictures/alm_unified_processes.jpg  used on input line
 159.
(pdftex.def)             Requested size: 369.0pt x 360.96667pt.

LaTeX Warning: `!h' float specifier changed to `!ht'.


Underfull \hbox (badness 10000) in paragraph at lines 167--169

 []


Underfull \hbox (badness 10000) in paragraph at lines 170--171

 []


Underfull \hbox (badness 10000) in paragraph at lines 172--173

 []

[6] [7 <./pictures/alm_unified_processes.jpg>]
Underfull \hbox (badness 10000) in paragraph at lines 200--201

 []


Underfull \hbox (badness 10000) in paragraph at lines 202--203

 []

[8]
Underfull \hbox (badness 10000) in paragraph at lines 208--209

 []

<pictures/document_workflow.jpg, id=461, 616.55344pt x 364.36125pt>
File: pictures/document_workflow.jpg Graphic file (type jpg)
<use pictures/document_workflow.jpg>
Package pdftex.def Info: pictures/document_workflow.jpg  used on input line 213
.
(pdftex.def)             Requested size: 369.0pt x 218.06802pt.

LaTeX Warning: Reference `document_workflow' on page 9 undefined on input line 
217.

[9 <./pictures/document_workflow.jpg>]
Underfull \hbox (badness 10000) in paragraph at lines 225--226

 []

<pictures/agile_benefits.jpg, id=471, 632.3625pt x 353.06906pt>
File: pictures/agile_benefits.jpg Graphic file (type jpg)
<use pictures/agile_benefits.jpg>
Package pdftex.def Info: pictures/agile_benefits.jpg  used on input line 232.
(pdftex.def)             Requested size: 369.0pt x 206.03006pt.

LaTeX Warning: `!h' float specifier changed to `!ht'.


Underfull \hbox (badness 10000) in paragraph at lines 254--255

 []

[10]
Underfull \vbox (badness 10000) has occurred while \output is active []

 [11 <./pictures/agile_benefits.jpg>]
Overfull \hbox (0.62366pt too wide) in paragraph at lines 281--283
[]\OT1/lmr/m/n/10.95 Difficulty link-ing and trac-ing ar-ti-facts across dif-fe
r-ently struc-tured repos-
 []

<pictures/collaboration_workflow.jpg, id=496, 347.79938pt x 349.305pt>
File: pictures/collaboration_workflow.jpg Graphic file (type jpg)
<use pictures/collaboration_workflow.jpg>
Package pdftex.def Info: pictures/collaboration_workflow.jpg  used on input lin
e 290.
(pdftex.def)             Requested size: 369.0pt x 370.6133pt.
[12 <./pictures/collaboration_workflow.jpg>]
Underfull \hbox (badness 10000) in paragraph at lines 306--307

 []


Underfull \hbox (badness 10000) in paragraph at lines 312--313

 []


Underfull \hbox (badness 10000) in paragraph at lines 318--319

 []


Underfull \hbox (badness 10000) in paragraph at lines 324--325

 []

[13]
Underfull \hbox (badness 10000) in paragraph at lines 330--331

 []


Underfull \hbox (badness 10000) in paragraph at lines 335--336

 []


Underfull \hbox (badness 10000) in paragraph at lines 337--338

 []


Underfull \hbox (badness 10000) in paragraph at lines 339--340

 []


Underfull \hbox (badness 10000) in paragraph at lines 341--342

 []

<pictures/medical_standard.jpg, id=520, 287.57437pt x 427.5975pt>
File: pictures/medical_standard.jpg Graphic file (type jpg)
<use pictures/medical_standard.jpg>
Package pdftex.def Info: pictures/medical_standard.jpg  used on input line 344.

(pdftex.def)             Requested size: 369.0pt x 548.68657pt.

LaTeX Warning: `!h' float specifier changed to `!ht'.

[14]

LaTeX Warning: Text page 15 contains only floats.


Overfull \vbox (3.4863pt too high) has occurred while \output is active []


[15 <./pictures/medical_standard.jpg>] [16

]
Underfull \hbox (badness 10000) in paragraph at lines 352--353

 []


Underfull \hbox (badness 10000) in paragraph at lines 354--355

 []


Underfull \vbox (badness 10000) has occurred while \output is active []

 [17]
Underfull \hbox (badness 10000) in paragraph at lines 366--367

 []


Underfull \hbox (badness 10000) in paragraph at lines 368--369

 []


Underfull \vbox (badness 10000) has occurred while \output is active []

 [18]
<pictures/ml_tensorflow_dl.jpg, id=568, 803.0pt x 454.69875pt>
File: pictures/ml_tensorflow_dl.jpg Graphic file (type jpg)
<use pictures/ml_tensorflow_dl.jpg>
Package pdftex.def Info: pictures/ml_tensorflow_dl.jpg  used on input line 389.

(pdftex.def)             Requested size: 369.0pt x 208.94887pt.

Underfull \vbox (badness 10000) has occurred while \output is active []

 [19 <./pictures/ml_tensorflow_dl.jpg>]
Underfull \hbox (badness 10000) in paragraph at lines 398--399

 []


Underfull \hbox (badness 10000) in paragraph at lines 404--405

 []


Underfull \hbox (badness 10000) in paragraph at lines 414--415

 []

[20]
Underfull \hbox (badness 10000) in paragraph at lines 424--426

 []


Underfull \hbox (badness 10000) in paragraph at lines 432--433

 []


Underfull \hbox (badness 10000) in paragraph at lines 435--436

 []

<pictures/ml_aws_sagemaker_stack.jpg, id=598, 640.3925pt x 360.34625pt>
File: pictures/ml_aws_sagemaker_stack.jpg Graphic file (type jpg)
<use pictures/ml_aws_sagemaker_stack.jpg>
Package pdftex.def Info: pictures/ml_aws_sagemaker_stack.jpg  used on input lin
e 440.
(pdftex.def)             Requested size: 369.0pt x 207.63736pt.

LaTeX Warning: `!h' float specifier changed to `!ht'.

[21]
Underfull \hbox (badness 10000) in paragraph at lines 474--475

 []

<pictures/ml_aws_sagemaker_buildprocess.jpg, id=608, 903.375pt x 249.93375pt>
File: pictures/ml_aws_sagemaker_buildprocess.jpg Graphic file (type jpg)
<use pictures/ml_aws_sagemaker_buildprocess.jpg>
Package pdftex.def Info: pictures/ml_aws_sagemaker_buildprocess.jpg  used on in
put line 477.
(pdftex.def)             Requested size: 369.0pt x 102.09213pt.

LaTeX Warning: `!h' float specifier changed to `!ht'.

[22 <./pictures/ml_aws_sagemaker_stack.jpg>]
<pictures/ml_cntk_architecture.jpg, id=621, 1405.25pt x 723.70375pt>
File: pictures/ml_cntk_architecture.jpg Graphic file (type jpg)
<use pictures/ml_cntk_architecture.jpg>
Package pdftex.def Info: pictures/ml_cntk_architecture.jpg  used on input line 
491.
(pdftex.def)             Requested size: 369.0pt x 190.03581pt.
 [23 <./pictures/ml_aws_sagemaker_buildprocess.jpg> <./pictures/ml_cntk_archite
cture.jpg>]

LaTeX Warning: Citation `ml_spark_advantages]' on page 24 undefined on input li
ne 501.


Overfull \hbox (6.7371pt too wide) in paragraph at lines 501--502
\OT1/lmr/m/n/10.95 from de-vel-op-ment to pro-duc-tion en-vi-ron-ments re-quire
s ex-ten-sive re-engineering. 
 []


Underfull \hbox (badness 10000) in paragraph at lines 503--504

 []

<pictures/ml_spark_ecosystem.png, id=633, 622.325pt x 332.24126pt>
File: pictures/ml_spark_ecosystem.png Graphic file (type png)
<use pictures/ml_spark_ecosystem.png>
Package pdftex.def Info: pictures/ml_spark_ecosystem.png  used on input line 52
0.
(pdftex.def)             Requested size: 369.0pt x 196.99905pt.

LaTeX Warning: `!h' float specifier changed to `!ht'.


Underfull \vbox (badness 10000) has occurred while \output is active []

 [24]
Underfull \hbox (badness 10000) in paragraph at lines 528--529

 []

<pictures/ml_lda_scheme.jpg, id=649, 5086.00125pt x 2755.29375pt>
File: pictures/ml_lda_scheme.jpg Graphic file (type jpg)
<use pictures/ml_lda_scheme.jpg>
Package pdftex.def Info: pictures/ml_lda_scheme.jpg  used on input line 541.
(pdftex.def)             Requested size: 369.0pt x 199.8693pt.

LaTeX Warning: `!h' float specifier changed to `!ht'.

[25 <./pictures/ml_spark_ecosystem.png>] [26 <./pictures/ml_lda_scheme.jpg>]
<pictures/polarion_attachments.jpg, id=674, 794.2172pt x 246.9225pt>
File: pictures/polarion_attachments.jpg Graphic file (type jpg)
<use pictures/polarion_attachments.jpg>
Package pdftex.def Info: pictures/polarion_attachments.jpg  used on input line 
556.
(pdftex.def)             Requested size: 369.0pt x 114.72357pt.

Underfull \hbox (badness 10000) in paragraph at lines 560--561

 []

[27

 <./pictures/polarion_attachments.jpg>]
<pictures/polarion_search.jpg, id=687, 831.105pt x 51.94406pt>
File: pictures/polarion_search.jpg Graphic file (type jpg)
<use pictures/polarion_search.jpg>
Package pdftex.def Info: pictures/polarion_search.jpg  used on input line 569.
(pdftex.def)             Requested size: 369.0pt x 23.06232pt.

Underfull \hbox (badness 10000) in paragraph at lines 577--578

 []


Underfull \hbox (badness 10000) in paragraph at lines 579--580

 []


Overfull \hbox (10.41641pt too wide) in paragraph at lines 583--583
[]\OT1/lmtt/m/n/10.95 2018-05-09[] 15:09:34,595[] [main[] |[] u:p][] INFO[] [] 
TXLOGGER[] [] -[] Summary[] for[]
 []


Overfull \hbox (10.41641pt too wide) in paragraph at lines 585--585
[]\OT1/lmtt/m/n/10.95 2018-05-09[] 15:09:35,347[] [main[] |[] u:p][] INFO[] [] 
TXLOGGER[] [] -[] Summary[] for[]
 []


Overfull \hbox (4.66768pt too wide) in paragraph at lines 585--585
\OT1/lmtt/m/n/10.95 'Context[] recognition':[] transactions:[] 0,[] svn:[] 0.43
6[] s[] [49%[] getDir2[]
 []

[28 <./pictures/polarion_search.jpg>]
Overfull \hbox (4.66768pt too wide) in paragraph at lines 586--586
[]\OT1/lmtt/m/n/10.95 2018-05-09[] 15:09:54,556[] [LowLevelDataService-contextI
nitializer-3[]
 []


Overfull \hbox (16.16515pt too wide) in paragraph at lines 586--586
\OT1/lmtt/m/n/10.95 |[] u:p][] INFO[] [] TXLOGGER[] [] -[] Summary:[] Total:[] 
19.2[] s,[] CPU[] [user:[] 1.25[] s,[]
 []


Overfull \hbox (10.41641pt too wide) in paragraph at lines 586--586
\OT1/lmtt/m/n/10.95 system:[] 1.06[] s],[] Allocated[] memory:[] 440.6[] MB,[] 
transactions:[] 0,[] svn:[]
 []


Overfull \hbox (4.66768pt too wide) in paragraph at lines 588--588
[]\OT1/lmtt/m/n/10.95 2018-05-09[] 15:09:54,556[] [LowLevelDataService-contextI
nitializer-5[]
 []


Overfull \hbox (16.16515pt too wide) in paragraph at lines 588--588
\OT1/lmtt/m/n/10.95 |[] u:p][] INFO[] [] TXLOGGER[] [] -[] Summary:[] Total:[] 
19.2[] s,[] CPU[] [user:[] 5.61[] s,[]
 []


Overfull \hbox (4.66768pt too wide) in paragraph at lines 588--588
\OT1/lmtt/m/n/10.95 system:[] 0.859[] s],[] Allocated[] memory:[] 3.5[] GB,[] t
ransactions:[] 0,[] svn:[]
 []


Overfull \hbox (4.66768pt too wide) in paragraph at lines 592--592
[]\OT1/lmtt/m/n/10.95 2018-05-09[] 15:09:54,556[] [LowLevelDataService-contextI
nitializer-1[]
 []


Overfull \hbox (4.66768pt too wide) in paragraph at lines 592--592
\OT1/lmtt/m/n/10.95 |[] u:p][] INFO[] [] TXLOGGER[] [] -[] Summary:[] Total:[] 
19.2[] s,[] CPU[] [user:[] 0.891[]
 []


Overfull \hbox (4.66768pt too wide) in paragraph at lines 596--596
[]\OT1/lmtt/m/n/10.95 2018-05-09[] 15:09:54,556[] [LowLevelDataService-contextI
nitializer-4[]
 []


Overfull \hbox (16.16515pt too wide) in paragraph at lines 596--596
\OT1/lmtt/m/n/10.95 |[] u:p][] INFO[] [] TXLOGGER[] [] -[] Summary:[] Total:[] 
19.2[] s,[] CPU[] [user:[] 1.11[] s,[]
 []


Overfull \hbox (4.66768pt too wide) in paragraph at lines 596--596
\OT1/lmtt/m/n/10.95 system:[] 1.5[] s],[] Allocated[] memory:[] 596.0[] MB,[] t
ransactions:[] 0,[] svn:[]
 []


Overfull \hbox (16.16515pt too wide) in paragraph at lines 596--596
\OT1/lmtt/m/n/10.95 13[] s[] [67%[] log2[] (65x),[] 14%[] log[] (1x)][] (1445x)
,[] ObjectMaps:[] 1.3[] s[] [72%[]
 []


Overfull \hbox (16.16515pt too wide) in paragraph at lines 596--596
\OT1/lmtt/m/n/10.95 setLastProcessedRevision[] (359x),[] 18%[] saveIfNeeded[] (
6218x)][] (22872x)[] 
 []


Overfull \hbox (4.66768pt too wide) in paragraph at lines 597--597
[]\OT1/lmtt/m/n/10.95 2018-05-09[] 15:09:54,556[] [LowLevelDataService-contextI
nitializer-2[]
 []


Overfull \hbox (16.16515pt too wide) in paragraph at lines 597--597
\OT1/lmtt/m/n/10.95 |[] u:p][] INFO[] [] TXLOGGER[] [] -[] Summary:[] Total:[] 
19.2[] s,[] CPU[] [user:[] 1.55[] s,[]
 []


Overfull \hbox (4.66768pt too wide) in paragraph at lines 597--597
\OT1/lmtt/m/n/10.95 system:[] 1.8[] s],[] Allocated[] memory:[] 705.2[] MB,[] t
ransactions:[] 0,[] svn:[]
 []


Overfull \hbox (10.41641pt too wide) in paragraph at lines 600--600
[]\OT1/lmtt/m/n/10.95 2018-05-09[] 15:09:54,581[] [main[] |[] u:p][] INFO[] [] 
TXLOGGER[] [] -[] Summary[] for[]
 []


Overfull \hbox (4.66768pt too wide) in paragraph at lines 602--602
[]\OT1/lmtt/m/n/10.95 [61%[] setLastProcessedRevision[] (1915x),[] 26%[] saveIf
Needed[] (49771x)][]
 []

[29]
<pictures/polarion_document_space.jpg, id=705, 319.1925pt x 341.77687pt>
File: pictures/polarion_document_space.jpg Graphic file (type jpg)
<use pictures/polarion_document_space.jpg>
Package pdftex.def Info: pictures/polarion_document_space.jpg  used on input li
ne 612.
(pdftex.def)             Requested size: 369.0pt x 395.11073pt.
 [30 <./pictures/polarion_document_space.jpg>]
Underfull \hbox (badness 10000) in paragraph at lines 624--625

 []


Underfull \hbox (badness 10000) in paragraph at lines 626--627

 []


Underfull \hbox (badness 10000) in paragraph at lines 632--633

 []

<pictures/polarion_estimation.jpg, id=719, 244.66406pt x 252.945pt>
File: pictures/polarion_estimation.jpg Graphic file (type jpg)
<use pictures/polarion_estimation.jpg>
Package pdftex.def Info: pictures/polarion_estimation.jpg  used on input line 6
37.
(pdftex.def)             Requested size: 369.0pt x 381.4969pt.

LaTeX Warning: `!h' float specifier changed to `!ht'.


Underfull \hbox (badness 10000) in paragraph at lines 643--644

 []

[31]
<pictures/defect_menu.jpg, id=728, 843.15pt x 333.49594pt>
File: pictures/defect_menu.jpg Graphic file (type jpg)
<use pictures/defect_menu.jpg>
Package pdftex.def Info: pictures/defect_menu.jpg  used on input line 646.
(pdftex.def)             Requested size: 369.0pt x 145.95499pt.


LaTeX Warning: `!h' float specifier changed to `!ht'.


Underfull \hbox (badness 10000) in paragraph at lines 650--651

 []


Underfull \vbox (badness 3460) has occurred while \output is active []

 [32 <./pictures/polarion_estimation.jpg>]
Underfull \hbox (badness 10000) in paragraph at lines 660--661

 []


LaTeX Warning: Reference `polarion_help' on page 33 undefined on input line 667
.


Underfull \hbox (badness 10000) in paragraph at lines 667--668

 []

<pictures/polarion_help.jpg, id=738, 384.6872pt x 671.50874pt>
File: pictures/polarion_help.jpg Graphic file (type jpg)
<use pictures/polarion_help.jpg>
Package pdftex.def Info: pictures/polarion_help.jpg  used on input line 670.
(pdftex.def)             Requested size: 369.0pt x 644.16975pt.

LaTeX Warning: Float too large for page by 71.96948pt on input line 672.


Underfull \hbox (badness 10000) in paragraph at lines 678--679

 []


Underfull \vbox (badness 3219) has occurred while \output is active []

 [33 <./pictures/defect_menu.jpg>] [34 <./pictures/polarion_help.jpg>]
Underfull \hbox (badness 10000) in paragraph at lines 684--685

 []

<pictures/polarion_defect_similar.jpg, id=754, 329.73187pt x 182.18062pt>
File: pictures/polarion_defect_similar.jpg Graphic file (type jpg)
<use pictures/polarion_defect_similar.jpg>
Package pdftex.def Info: pictures/polarion_defect_similar.jpg  used on input li
ne 689.
(pdftex.def)             Requested size: 369.0pt x 203.88243pt.
[35 <./pictures/polarion_defect_similar.jpg>] [36

]
Underfull \hbox (badness 10000) in paragraph at lines 697--698

 []


LaTeX Warning: Citation `lda_algotithm' on page 37 undefined on input line 709.



Underfull \hbox (badness 10000) in paragraph at lines 726--727

 []


Underfull \hbox (badness 10000) in paragraph at lines 733--734

 []

[37]
Underfull \hbox (badness 10000) in paragraph at lines 735--736

 []


Underfull \hbox (badness 10000) in paragraph at lines 753--754

 []


LaTeX Warning: Reference `lda_tree_chart' on page 38 undefined on input line 75
5.


Underfull \hbox (badness 10000) in paragraph at lines 755--756

 []

[38]
Underfull \hbox (badness 10000) in paragraph at lines 762--763

 []

<pictures/lda_tree_chart.jpg, id=799, 1010.27437pt x 474.27188pt>
File: pictures/lda_tree_chart.jpg Graphic file (type jpg)
<use pictures/lda_tree_chart.jpg>
Package pdftex.def Info: pictures/lda_tree_chart.jpg  used on input line 766.
(pdftex.def)             Requested size: 369.0pt x 173.2272pt.

Underfull \hbox (badness 10000) in paragraph at lines 776--777

 []

<pictures/lda_topics_external_database.jpg, id=804, 1394.20876pt x 836.12375pt>

File: pictures/lda_topics_external_database.jpg Graphic file (type jpg)
<use pictures/lda_topics_external_database.jpg>
Package pdftex.def Info: pictures/lda_topics_external_database.jpg  used on inp
ut line 779.
(pdftex.def)             Requested size: 369.0pt x 221.29105pt.
<pictures/lda_topics_vm.jpg, id=805, 1310.8975pt x 793.96625pt>
File: pictures/lda_topics_vm.jpg Graphic file (type jpg)
<use pictures/lda_topics_vm.jpg>
Package pdftex.def Info: pictures/lda_topics_vm.jpg  used on input line 784.
(pdftex.def)             Requested size: 369.0pt x 223.48418pt.
<pictures/lda_documents_cloud.jpg, id=808, 938.75719pt x 681.29532pt>
File: pictures/lda_documents_cloud.jpg Graphic file (type jpg)
<use pictures/lda_documents_cloud.jpg>
Package pdftex.def Info: pictures/lda_documents_cloud.jpg  used on input line 7
91.
(pdftex.def)             Requested size: 369.0pt x 267.79364pt.

LaTeX Warning: `!h' float specifier changed to `!ht'.

<pictures/lda_circle_detail.jpg, id=809, 560.8453pt x 531.48563pt>
File: pictures/lda_circle_detail.jpg Graphic file (type jpg)
<use pictures/lda_circle_detail.jpg>
Package pdftex.def Info: pictures/lda_circle_detail.jpg  used on input line 796
.
(pdftex.def)             Requested size: 369.0pt x 349.67867pt.

Underfull \vbox (badness 10000) has occurred while \output is active []

 [39 <./pictures/lda_tree_chart.jpg>] [40 <./pictures/lda_topics_external_datab
ase.jpg> <./pictures/lda_topics_vm.jpg>] [41 <./pictures/lda_documents_cloud.jp
g>]
[42 <./pictures/lda_circle_detail.jpg>]
Underfull \hbox (badness 10000) in paragraph at lines 804--805

 []


Underfull \hbox (badness 10000) in paragraph at lines 812--813

 []


Underfull \hbox (badness 10000) in paragraph at lines 821--822

 []


Underfull \hbox (badness 10000) in paragraph at lines 827--828

 []

[43

]
Underfull \hbox (badness 10000) in paragraph at lines 848--849

 []


Underfull \hbox (badness 10000) in paragraph at lines 854--855

 []

<pictures/defect_bot_scheme.jpg, id=852, 1046.91125pt x 531.9875pt>
File: pictures/defect_bot_scheme.jpg Graphic file (type jpg)
<use pictures/defect_bot_scheme.jpg>
Package pdftex.def Info: pictures/defect_bot_scheme.jpg  used on input line 857
.
(pdftex.def)             Requested size: 369.0pt x 187.50533pt.

Underfull \hbox (badness 10000) in paragraph at lines 865--866

 []

<pictures/defect_bot_workitem.jpg, id=855, 1032.10594pt x 582.67688pt>
File: pictures/defect_bot_workitem.jpg Graphic file (type jpg)
<use pictures/defect_bot_workitem.jpg>
Package pdftex.def Info: pictures/defect_bot_workitem.jpg  used on input line 8
69.
(pdftex.def)             Requested size: 369.0pt x 208.3143pt.

LaTeX Warning: `!h' float specifier changed to `!ht'.

[44 <./pictures/defect_bot_scheme.jpg>] [45 <./pictures/defect_bot_workitem.jpg
>] [46

]
Underfull \hbox (badness 10000) in paragraph at lines 877--878

 []


Underfull \hbox (badness 10000) in paragraph at lines 883--884

 []


Underfull \hbox (badness 10000) in paragraph at lines 885--886

 []

[47]
Underfull \hbox (badness 10000) in paragraph at lines 895--896

 []


Underfull \hbox (badness 10000) in paragraph at lines 903--904

 []


Underfull \hbox (badness 10000) in paragraph at lines 910--911

 []

<pictures/gdpr_subject_rights.jpg, id=892, 652.4375pt x 375.4025pt>
File: pictures/gdpr_subject_rights.jpg Graphic file (type jpg)
<use pictures/gdpr_subject_rights.jpg>
Package pdftex.def Info: pictures/gdpr_subject_rights.jpg  used on input line 9
15.
(pdftex.def)             Requested size: 369.0pt x 212.3262pt.
[48 <./pictures/gdpr_subject_rights.jpg>]
Underfull \hbox (badness 10000) in paragraph at lines 931--932

 []

<pictures/gdpr_subject_rights_detail.jpg, id=904, 652.4375pt x 748.7975pt>
File: pictures/gdpr_subject_rights_detail.jpg Graphic file (type jpg)
<use pictures/gdpr_subject_rights_detail.jpg>
Package pdftex.def Info: pictures/gdpr_subject_rights_detail.jpg  used on input
 line 935.
(pdftex.def)             Requested size: 369.0pt x 423.51698pt.

Underfull \hbox (badness 10000) in paragraph at lines 945--946

 []

[49] [50 <./pictures/gdpr_subject_rights_detail.jpg>]
Underfull \hbox (badness 10000) in paragraph at lines 948--949

 []


Underfull \hbox (badness 10000) in paragraph at lines 953--954

 []

<pictures/ml_budget.jpg, id=929, 799.98875pt x 594.22pt>
File: pictures/ml_budget.jpg Graphic file (type jpg)
<use pictures/ml_budget.jpg>
Package pdftex.def Info: pictures/ml_budget.jpg  used on input line 956.
(pdftex.def)             Requested size: 369.0pt x 274.08801pt.

LaTeX Warning: `!h' float specifier changed to `!ht'.

<pictures/ml_changing_market.jpg, id=935, 799.98875pt x 602.25pt>
File: pictures/ml_changing_market.jpg Graphic file (type jpg)
<use pictures/ml_changing_market.jpg>
Package pdftex.def Info: pictures/ml_changing_market.jpg  used on input line 96
3.
(pdftex.def)             Requested size: 369.0pt x 277.7919pt.

LaTeX Warning: `!h' float specifier changed to `!ht'.

[51] [52 <./pictures/ml_budget.jpg>] [53 <./pictures/ml_changing_market.jpg>]
[54

] (DP_Slama_Michal_2018.bbl [55] [56

]
bibitemlist

Underfull \hbox (badness 1728) in paragraph at lines 12--14
[]\OT1/lmr/m/n/10.95 Polarion ALM. [on-line], [cit. 2018-05-01]. Dos-tupne z: 
[]$\OT1/lmtt/m/n/10.95 https : / /
 []


Underfull \hbox (badness 5446) in paragraph at lines 37--40
[]\OT1/lmr/m/n/10.95 Feldman, M.: 10 Real-World Ex-am-ples of Ma-chine Learn-in
g
 []


Underfull \hbox (badness 1609) in paragraph at lines 37--40
\OT1/lmr/m/n/10.95 and AI [2018]. [on-line], [cit. 2018-05-06]. Dos-tupne z: [
]$\OT1/lmtt/m/n/10.95 https : / /
 []


Underfull \hbox (badness 2790) in paragraph at lines 47--50
[]\OT1/lmr/m/n/10.95 Samuel, A. L.: Some Stud-ies in Ma-chine Learn-ing Us-ing 
the
 []


Underfull \hbox (badness 10000) in paragraph at lines 52--54
\OT1/lmtt/m/n/10.95 02 / 19 / a -[] short -[] history -[] of -[] machine -[] le
arning -[] every -[] manager -[]
 []

[57]
Underfull \hbox (badness 6220) in paragraph at lines 59--61
[]\OT1/lmr/m/n/10.95 TensorFlow. [on-line], [cit. 2018-05-05]. Dos-tupne z: []
$\OT1/lmtt/m/n/10.95 https : / /
 []


Underfull \hbox (badness 2418) in paragraph at lines 75--78
[]\OT1/lmr/m/n/10.95 What is Ama-zon Cloud, Its Ad-van-tages and Why Should You

 []


Underfull \hbox (badness 8151) in paragraph at lines 75--78
\OT1/lmr/m/n/10.95 Con-sider It. [on-line], [cit. 2018-05-06]. Dos-tupne z: []
$\OT1/lmtt/m/n/10.95 https :
 []


Underfull \hbox (badness 10000) in paragraph at lines 75--78
\OT1/lmtt/m/n/10.95 / / www\OML/lmm/m/it/10.95 :\OT1/lmtt/m/n/10.95 netsolution
s\OML/lmm/m/it/10.95 :\OT1/lmtt/m/n/10.95 com / insights / what -[] is -[] amaz
on -[] cloud -[] its -[]
 []

) [58]
No file DP_Slama_Michal_2018.gls.
No file DP_Slama_Michal_2018.acr.
[59

] [60

]

Package caption Warning: Unused \captionsetup[lstlisting] on input line 37.
See the caption package documentation for explanation.

[61]
\tf@toc=\write10
\openout10 = `DP_Slama_Michal_2018.toc'.

\tf@lof=\write11
\openout11 = `DP_Slama_Michal_2018.lof'.

Package atveryend Info: Empty hook `BeforeClearDocument' on input line 1028.
Package atveryend Info: Empty hook `AfterLastShipout' on input line 1028.
 (DP_Slama_Michal_2018.aux)
Package atveryend Info: Executing hook `AtVeryEndDocument' on input line 1028.
Package atveryend Info: Executing hook `AtEndAfterFileList' on input line 1028.

Package rerunfilecheck Info: File `DP_Slama_Michal_2018.out' has not changed.
(rerunfilecheck)             Checksum: 6F7689C16CAE0E1EA74E7629D6073747;6510.


LaTeX Font Warning: Some font shapes were not available, defaults substituted.


LaTeX Warning: There were undefined references.

Package atveryend Info: Empty hook `AtVeryVeryEnd' on input line 1028.
 ) 
Here is how much of TeX's memory you used:
 33915 strings out of 493303
 595366 string characters out of 3129349
 728823 words of memory out of 3000000
 36671 multiletter control sequences out of 15000+200000
 58530 words of font info for 41 fonts, out of 3000000 for 9000
 1141 hyphenation exceptions out of 8191
 68i,12n,92p,2068b,558s stack positions out of 5000i,500n,10000p,200000b,50000s
pdfTeX warning (dest): name{glo:saas} has been referenced but does not exist,
 replaced by a fixed one

pdfTeX warning (dest): name{glo:d3} has been referenced but does not exist, rep
laced by a fixed one

pdfTeX warning (dest): name{glo:ocr} has been referenced but does not exist, re
placed by a fixed one

pdfTeX warning (dest): name{glo:gui} has been referenced but does not exist, re
placed by a fixed one

pdfTeX warning (dest): name{glo:aws} has been referenced but does not exist, re
placed by a fixed one

pdfTeX warning (dest): name{glo:rnn} has been referenced but does not exist, re
placed by a fixed one

pdfTeX warning (dest): name{glo:pof} has been referenced but does not exist, re
placed by a fixed one

pdfTeX warning (dest): name{glo:plm} has been referenced but does not exist, re
placed by a fixed one

pdfTeX warning (dest): name{glo:alm} has been referenced but does not exist, re
placed by a fixed one

pdfTeX warning (dest): name{glo:polarion} has been referenced but does not exis
t, replaced by a fixed one

pdfTeX warning (dest): name{glo:lda} has been referenced but does not exist, re
placed by a fixed one

pdfTeX warning (dest): name{glo:cntk} has been referenced but does not exist, r
eplaced by a fixed one

pdfTeX warning (dest): name{glo:gdpr} has been referenced but does not exist, r
eplaced by a fixed one

pdfTeX warning (dest): name{glo:ml} has been referenced but does not exist, rep
laced by a fixed one

{C:/Users/qhxq9u/AppData/Local/Programs/MiKTeX 2.9/fonts/enc/dvips/lm/lm-rm.enc
}{C:/Users/qhxq9u/AppData/Local/Programs/MiKTeX 2.9/fonts/enc/dvips/lm/lm-mathi
t.enc}{C:/Users/qhxq9u/AppData/Local/Programs/MiKTeX 2.9/fonts/enc/dvips/lm/lm-
rmtt.enc}{C:/Users/qhxq9u/AppData/Local/Programs/MiKTeX 2.9/fonts/enc/dvips/lm/
lm-rmsc.enc}{C:/Users/qhxq9u/AppData/Local/Programs/MiKTeX 2.9/fonts/enc/dvips/
lm/lm-mathsy.enc}<C:/Users/qhxq9u/AppData/Local/Programs/MiKTeX 2.9/fonts/type1
/public/lm/lmbx10.pfb><C:/Users/qhxq9u/AppData/Local/Programs/MiKTeX 2.9/fonts/
type1/public/lm/lmbx12.pfb><C:/Users/qhxq9u/AppData/Local/Programs/MiKTeX 2.9/f
onts/type1/public/lm/lmbxi10.pfb><C:/Users/qhxq9u/AppData/Local/Programs/MiKTeX
 2.9/fonts/type1/public/lm/lmcsc10.pfb><C:/Users/qhxq9u/AppData/Local/Programs/
MiKTeX 2.9/fonts/type1/public/lm/lmmi10.pfb><C:/Users/qhxq9u/AppData/Local/Prog
rams/MiKTeX 2.9/fonts/type1/public/lm/lmr10.pfb><C:/Users/qhxq9u/AppData/Local/
Programs/MiKTeX 2.9/fonts/type1/public/lm/lmr12.pfb><C:/Users/qhxq9u/AppData/Lo
cal/Programs/MiKTeX 2.9/fonts/type1/public/lm/lmr8.pfb><C:/Users/qhxq9u/AppData
/Local/Programs/MiKTeX 2.9/fonts/type1/public/lm/lmri10.pfb><C:/Users/qhxq9u/Ap
pData/Local/Programs/MiKTeX 2.9/fonts/type1/public/lm/lmssbx10.pfb><C:/Users/qh
xq9u/AppData/Local/Programs/MiKTeX 2.9/fonts/type1/public/lm/lmsy10.pfb><C:/Use
rs/qhxq9u/AppData/Local/Programs/MiKTeX 2.9/fonts/type1/public/lm/lmtt10.pfb>
Output written on DP_Slama_Michal_2018.pdf (75 pages, 2124658 bytes).
PDF statistics:
 1142 PDF objects out of 1200 (max. 8388607)
 225 named destinations out of 1000 (max. 500000)
 475 words of extra memory for PDF output out of 10000 (max. 10000000)

